
[00:00:00.000 --> 00:00:17.000]  (音乐)
[00:00:17.000 --> 00:00:42.000]  (音乐)
[00:00:42.000 --> 00:01:10.000]  (音乐)
[00:01:10.000 --> 00:01:29.000]  (音乐)
[00:01:29.000 --> 00:01:56.000]  (音乐)
[00:01:56.000 --> 00:02:14.000]  (音乐)
[00:02:14.000 --> 00:02:34.000]  (音乐)
[00:02:34.000 --> 00:02:49.000]  (音乐)
[00:02:49.000 --> 00:02:52.000]  是谁叫你对皇上说这些话的
[00:02:52.000 --> 00:02:57.000]  (音乐)
[00:02:57.000 --> 00:03:04.000]  我是大明的官员 尽自己的职责
[00:03:04.000 --> 00:03:09.000]  (音乐)
[00:03:09.000 --> 00:03:11.000]  用不着别人叫我
[00:03:11.000 --> 00:03:36.000]  (音乐)
[00:03:36.000 --> 00:03:44.000]  (音乐)
[00:03:44.000 --> 00:03:49.000]  万方有罪 罪在朕供
[00:03:49.000 --> 00:03:53.000]  从新年初一到十五
[00:03:53.000 --> 00:03:57.000]  朕一个人在玉璽宫
[00:03:57.000 --> 00:04:10.000]  (音乐)
[00:04:10.000 --> 00:04:12.000]  鬼老天 又不下雪
[00:04:12.000 --> 00:04:14.000]  还贼冷贼冷的
[00:04:14.000 --> 00:04:16.000]  闭上你的臭嘴 让人听见了
[00:04:16.000 --> 00:04:18.000]  今天下不了雪 挨打的人当中
[00:04:18.000 --> 00:04:19.000]  少不了你
[00:04:19.000 --> 00:04:38.000]  (音乐)
[00:04:38.000 --> 00:04:49.000]  雪 下雪了 大明下雪了
[00:04:49.000 --> 00:04:52.000]  别叫了 别喊了
[00:04:52.000 --> 00:04:56.000]  我看你们谁敢喊
[00:04:56.000 --> 00:05:03.000]  (音乐)
[00:05:03.000 --> 00:05:05.000]  天大的祥瑞呀
[00:05:05.000 --> 00:05:09.000]  我这就给皇上去报喜
[00:05:09.000 --> 00:05:11.000]  然后去私里见
[00:05:11.000 --> 00:05:16.000]  (音乐)
[00:05:16.000 --> 00:05:17.000]  起开
[00:05:17.000 --> 00:05:20.000]  你们这帮奴婢都给我听着
[00:05:20.000 --> 00:05:24.000]  在我向皇上报祥瑞之前
[00:05:24.000 --> 00:05:28.000]  你们谁要再敢胡咧咧
[00:05:28.000 --> 00:05:31.000]  我立马把他往死里打
[00:05:31.000 --> 00:05:35.000]  是
[00:05:35.000 --> 00:05:48.000]  (音乐)
[00:05:48.000 --> 00:05:51.000]  恭喜老祖宗 恭喜各位祖宗
[00:05:51.000 --> 00:05:58.000]  老天爷下瑞雪了 好大的瑞雪呀
[00:05:58.000 --> 00:06:01.000]  皇上有德呀
[00:06:01.000 --> 00:06:13.000]  (音乐)
[00:06:13.000 --> 00:06:17.000]  皇上这时应该正在丹房打坐呢吧
[00:06:17.000 --> 00:06:19.000]  应该是
[00:06:19.000 --> 00:06:22.000]  议事的时辰也快到了
[00:06:22.000 --> 00:06:26.000]  该咱们给万岁爷报个祥瑞了
[00:06:26.000 --> 00:06:29.000]  是 老祖宗 奴婢听说
[00:06:29.000 --> 00:06:31.000]  冯宝押着大伙不许吭声
[00:06:31.000 --> 00:06:35.000]  自己敢抢着给皇上报祥瑞去了
[00:06:35.000 --> 00:06:37.000]  有这回事
[00:06:37.000 --> 00:06:40.000]  好嘛 他报了祥瑞
[00:06:40.000 --> 00:06:42.000]  不止皇上一高兴
[00:06:42.000 --> 00:06:46.000]  就叫冯宝取代我们了
[00:06:46.000 --> 00:06:49.000]  那咱们就再等等
[00:06:49.000 --> 00:06:54.000]  干爹 干爹 干爹
[00:06:54.000 --> 00:06:57.000]  儿子给干爹道喜了
[00:06:57.000 --> 00:06:59.000]  有了这场大雪
[00:06:59.000 --> 00:07:05.000]  皇上高兴干爹的差事便办得更好了
[00:07:05.000 --> 00:07:09.000]  降瑞雪的事皇上都知道了
[00:07:09.000 --> 00:07:10.000]  回干爹的话
[00:07:10.000 --> 00:07:15.000]  儿子已经替干爹向皇上报过祥瑞了
[00:07:15.000 --> 00:07:18.000]  皇上听了喜讯说什么了
[00:07:18.000 --> 00:07:22.000]  儿子是跪在殿门外报的
[00:07:22.000 --> 00:07:26.000]  连皇上的面都没见着
[00:07:26.000 --> 00:07:29.000]  只听见里边的同庆响了一声
[00:07:29.000 --> 00:07:34.000]  这也就是说皇上他老人家已经知道了
[00:07:34.000 --> 00:07:37.000]  我还以为皇上一高兴
[00:07:37.000 --> 00:07:40.000]  就让你进了私里见了呢
[00:07:40.000 --> 00:07:48.000]  是啊 我们这些人也是该挪挪地儿了
[00:07:48.000 --> 00:07:56.000]  干爹 儿子该死 儿子该死
[00:07:56.000 --> 00:08:01.000]  儿子原知想尽早地替干爹向皇上报个喜信
[00:08:01.000 --> 00:08:05.000]  死了也没有别的心思啊 干爹 干爹
[00:08:05.000 --> 00:08:07.000]  我们先走吧
[00:08:07.000 --> 00:08:08.000]  走
[00:08:08.000 --> 00:08:09.000]  走
[00:08:37.000 --> 00:08:40.000]  告诉他们这雪是我大明朝的祥瑞
[00:08:40.000 --> 00:08:43.000]  让大家伙都起来报祥瑞
[00:08:43.000 --> 00:08:45.000]  声音越大越好
[00:08:45.000 --> 00:08:47.000]  是 吕公公说了
[00:08:47.000 --> 00:08:50.000]  这雪是我大明朝的祥瑞
[00:08:50.000 --> 00:08:53.000]  你们都起来 报祥瑞
[00:08:53.000 --> 00:08:56.000]  声音越大越好
[00:08:56.000 --> 00:09:00.000]  下雪了
[00:09:00.000 --> 00:09:04.000]  老天爷降瑞雪了
[00:09:04.000 --> 00:09:07.000]  下雪了
[00:09:07.000 --> 00:09:09.000]  周瑜一死
[00:09:09.000 --> 00:09:14.000]  汉磊一冬的大雪也终于降了
[00:09:14.000 --> 00:09:19.000]  可巨大的国库亏空谁当其就
[00:09:19.000 --> 00:09:22.000]  今天召开的御前财务会上
[00:09:22.000 --> 00:09:28.000]  一场关乎国际民生的生死之争仍将继续
[00:09:28.000 --> 00:09:32.000]  把持朝政的严松父子和私里见
[00:09:32.000 --> 00:09:37.000]  又会逢迎嘉靖帝致哪些政臣于死地
[00:09:37.000 --> 00:09:41.000]  柯老 您到了
[00:09:41.000 --> 00:09:44.000]  大喜大喜呀
[00:09:44.000 --> 00:09:47.000]  柯老 这场雪下了以后
[00:09:47.000 --> 00:09:51.000]  您老去年八十 今年该是七十九了
[00:09:51.000 --> 00:09:56.000]  吕公公真是嫌我老喽
[00:09:56.000 --> 00:09:58.000]  雪是好雪
[00:09:58.000 --> 00:10:03.000]  要是下的都是银子 我也就不用再操这份心了
[00:10:03.000 --> 00:10:08.000]  可以向皇上告老还乡了
[00:10:08.000 --> 00:10:10.000]  可别可别
[00:10:10.000 --> 00:10:13.000]  皇上万岁 阁老百岁
[00:10:13.000 --> 00:10:16.000]  您老还得伺候皇上二十年
[00:10:16.000 --> 00:10:18.000]  要是再干上二十年
[00:10:18.000 --> 00:10:20.000]  还不让人给恨死了
[00:10:20.000 --> 00:10:22.000]  不会吧
[00:10:22.000 --> 00:10:24.000]  大喜大喜
[00:10:24.000 --> 00:10:37.000]  诸位大人
[00:10:37.000 --> 00:10:42.000]  那月二十九 周云懿的事大家都知道
[00:10:42.000 --> 00:10:44.000]  从初一到今
[00:10:44.000 --> 00:10:48.000]  皇上一直就在这里清修祈许
[00:10:49.000 --> 00:10:54.000]  今天 虽然讲了祥瑞
[00:10:54.000 --> 00:10:58.000]  可是皇上的心情也不准能好到哪儿去
[00:10:58.000 --> 00:11:04.000]  亏空上的事能过去我们就尽量过去
[00:11:04.000 --> 00:11:07.000]  今年再想别的办法
[00:11:07.000 --> 00:11:10.000]  我还是那句话
[00:11:10.000 --> 00:11:14.000]  天大的事咱们可得同舟共济
[00:11:14.000 --> 00:11:15.000]  请
[00:11:15.000 --> 00:11:37.000]  议事吧
[00:11:37.000 --> 00:11:40.000]  还是老规矩
[00:11:40.000 --> 00:11:44.000]  内阁把去年的各项开支
[00:11:44.000 --> 00:11:49.000]  按各部和两经一十三省的实际用度报上来
[00:11:49.000 --> 00:11:52.000]  哪些该解 哪些不该解
[00:11:52.000 --> 00:11:55.000]  今天都得有个说法
[00:11:55.000 --> 00:11:59.000]  今年由哪几宗大的开支
[00:11:59.000 --> 00:12:01.000]  各部提出来
[00:12:01.000 --> 00:12:04.000]  户部宗算一下
[00:12:04.000 --> 00:12:06.000]  内阁拟了票
[00:12:06.000 --> 00:12:10.000]  我们能批红的就把红给批了
[00:12:10.000 --> 00:12:13.000]  阁老 您说呢
[00:12:13.000 --> 00:12:19.000]  将来皇上如天之德
[00:12:19.000 --> 00:12:22.000]  和大家实习用事
[00:12:22.000 --> 00:12:26.000]  最艰难的日子总算是过去了
[00:12:26.000 --> 00:12:28.000]  去年两个省的大旱
[00:12:28.000 --> 00:12:30.000]  三个省的大水
[00:12:30.000 --> 00:12:34.000]  北边和东南机场大的战事
[00:12:34.000 --> 00:12:37.000]  再加上宫里一场大火
[00:12:37.000 --> 00:12:40.000]  说实话
[00:12:40.000 --> 00:12:43.000]  我都不知道是怎么过来的
[00:12:43.000 --> 00:12:47.000]  皇上消遗干时
[00:12:47.000 --> 00:12:50.000]  大家累点全都应该
[00:12:50.000 --> 00:12:53.000]  凑巧
[00:12:53.000 --> 00:12:55.000]  去年腊月
[00:12:55.000 --> 00:12:57.000]  又没下雪
[00:12:57.000 --> 00:13:00.000]  有些人就借着这个
[00:13:00.000 --> 00:13:04.000]  匪傍朝
[00:13:04.000 --> 00:13:06.000]  要是今天再没下雪
[00:13:06.000 --> 00:13:10.000]  那我们这些人都得请罪辞职了
[00:13:10.000 --> 00:13:12.000]  从初一到现在
[00:13:12.000 --> 00:13:16.000]  皇上就一个人在这里摘戒敬天
[00:13:16.000 --> 00:13:21.000]  这场雪是皇上敬下来的
[00:13:21.000 --> 00:13:26.000]  只要我们做臣子的实心用事
[00:13:26.000 --> 00:13:31.000]  我大明朝依然能够如日中天
[00:13:31.000 --> 00:13:35.000]  这一个朵月来
[00:13:35.000 --> 00:13:40.000]  总算把去年各项开支都算清楚了
[00:13:40.000 --> 00:13:45.000]  内阁也把票都拧好了
[00:13:45.000 --> 00:13:48.000]  私里建批了红
[00:13:48.000 --> 00:13:51.000]  去年的账也就算结了
[00:13:51.000 --> 00:13:54.000]  然后咱们再议今年的开支
[00:13:54.000 --> 00:13:55.000]  是
[00:13:55.000 --> 00:14:00.000]  徐格老
[00:14:00.000 --> 00:14:03.000]  内阁的票拧在你们那儿
[00:14:03.000 --> 00:14:04.000]  你们说一下
[00:14:04.000 --> 00:14:07.000]  然后呈交吕公公他们批红吧
[00:14:07.000 --> 00:14:11.000]  内阁的票拧是由昨天士凡兄
[00:14:11.000 --> 00:14:12.000]  交给我们户部的
[00:14:12.000 --> 00:14:15.000]  我和素卿昨夜核对了一个晚上
[00:14:15.000 --> 00:14:17.000]  有些票拧我们签了字
[00:14:17.000 --> 00:14:21.000]  有些票拧我们没有敢签字
[00:14:21.000 --> 00:14:24.000]  哪些票你没签
[00:14:24.000 --> 00:14:27.000]  兵部的开支账单我们签了字
[00:14:27.000 --> 00:14:31.000]  吕部和公部的开支账单超值太大
[00:14:31.000 --> 00:14:34.000]  我们没有敢签字
[00:14:34.000 --> 00:14:38.000]  我们吕部和公部的账单
[00:14:38.000 --> 00:14:40.000]  你们户部没签字
[00:14:40.000 --> 00:14:42.000]  各部的开支内阁拧票的时候
[00:14:42.000 --> 00:14:44.000]  你们都在场
[00:14:44.000 --> 00:14:45.000]  现在却签一个部
[00:14:45.000 --> 00:14:47.000]  部签一个部
[00:14:47.000 --> 00:14:50.000]  你们户部到底要干什么
[00:14:50.000 --> 00:14:51.000]  干什么
[00:14:51.000 --> 00:14:58.000]  使劲
[00:14:58.000 --> 00:15:00.000]  使劲 王妃
[00:15:00.000 --> 00:15:01.000]  你
[00:15:01.000 --> 00:15:21.000]  户部
[00:15:21.000 --> 00:15:23.000]  是大明的户部
[00:15:23.000 --> 00:15:26.000]  不是什么我们的户部
[00:15:27.000 --> 00:15:30.000]  吕部公部也是大明的吕部公部
[00:15:30.000 --> 00:15:33.000]  而不是什么你的吕部公部
[00:15:33.000 --> 00:15:35.000]  如果你分管的吕部公部
[00:15:35.000 --> 00:15:38.000]  所有的一切户部都要照办
[00:15:38.000 --> 00:15:41.000]  那干脆
[00:15:41.000 --> 00:15:46.000]  户部这差事也都让你兼起来
[00:15:46.000 --> 00:15:49.000]  我们也就不用再来议这个事了吧
[00:15:49.000 --> 00:15:52.000]  你们一个是户部尚书
[00:15:52.000 --> 00:15:54.000]  一个是户部侍郎
[00:15:54.000 --> 00:15:56.000]  待在这个位子上
[00:15:56.000 --> 00:15:59.000]  我称你们户部有什么错
[00:15:59.000 --> 00:16:01.000]  这吕部和公部
[00:16:01.000 --> 00:16:03.000]  当然不是我严实番的衙门
[00:16:03.000 --> 00:16:06.000]  但两部的开支都是内阁拧的票
[00:16:06.000 --> 00:16:09.000]  干或是不愿意干可以输
[00:16:09.000 --> 00:16:12.000]  以不签字要挟朝廷
[00:16:12.000 --> 00:16:14.000]  耽误朝廷的大事
[00:16:14.000 --> 00:16:17.000]  你们该知道是什么后果
[00:16:17.000 --> 00:16:18.000]  不外乎是撤职
[00:16:18.000 --> 00:16:19.000]  罢官
[00:16:19.000 --> 00:16:23.000]  昨天我看了你送来的票你
[00:16:25.000 --> 00:16:28.000]  我和许葛老已经有了这个念头
[00:16:28.000 --> 00:16:31.000]  户部这差事我们干不了了
[00:16:31.000 --> 00:16:36.000]  小葛老
[00:16:36.000 --> 00:16:38.000]  你看谁干何事
[00:16:38.000 --> 00:16:40.000]  那就请谁来干得了
[00:16:40.000 --> 00:16:41.000]  你
[00:16:41.000 --> 00:16:42.000]  严实番
[00:16:42.000 --> 00:16:43.000]  爹
[00:16:43.000 --> 00:16:45.000]  这里没有什么爹
[00:16:45.000 --> 00:16:48.000]  只有我大名的臣子
[00:16:48.000 --> 00:16:53.000]  御前一事要让人说话
[00:16:53.000 --> 00:16:54.000]  是
[00:16:54.000 --> 00:17:11.000]  苏卿
[00:17:11.000 --> 00:17:16.000]  你们有什么困难都说出来
[00:17:16.000 --> 00:17:17.000]  我也提个醒
[00:17:17.000 --> 00:17:21.000]  一事就是一事
[00:17:21.000 --> 00:17:24.000]  不要动不动就扯到什么罢官撤职
[00:17:24.000 --> 00:17:29.000]  谁该干什么谁不该干什么
[00:17:29.000 --> 00:17:32.000]  这干称在皇上的手里
[00:17:32.000 --> 00:17:35.000]  希望大家心里明白
[00:17:35.000 --> 00:17:38.000]  上天保佑祖宗保佑
[00:17:38.000 --> 00:17:39.000]  会平安的
[00:17:39.000 --> 00:17:40.000]  会平安的
[00:17:40.000 --> 00:17:42.000]  王妃
[00:17:42.000 --> 00:17:43.000]  王妃
[00:17:43.000 --> 00:17:44.000]  歇会儿再来
[00:17:44.000 --> 00:17:47.000]  放下使劲
[00:17:47.000 --> 00:17:49.000]  放下使劲王妃
[00:17:49.000 --> 00:17:51.000]  放下使劲王妃
[00:17:51.000 --> 00:17:54.000]  放下使劲
[00:17:54.000 --> 00:17:55.000]  放下
[00:17:55.000 --> 00:17:57.000]  放下使劲
[00:17:57.000 --> 00:18:03.000]  王爷
[00:18:03.000 --> 00:18:06.000]  王妃是足夜生辰
[00:18:06.000 --> 00:18:08.000]  母子都会平安
[00:18:08.000 --> 00:18:09.000]  您不用太急
[00:18:14.000 --> 00:18:19.000]  周云翼的死是我的过错
[00:18:19.000 --> 00:18:22.000]  上天要责罚
[00:18:22.000 --> 00:18:25.000]  就应该责罚我一个人
[00:18:25.000 --> 00:18:36.000]  周云翼死得其所
[00:18:36.000 --> 00:18:40.000]  上天也不会降不祥于王爷
[00:18:42.000 --> 00:18:45.000]  更不会降不祥给王妃和孩子
[00:18:45.000 --> 00:18:47.000]  我还担心高宫
[00:18:47.000 --> 00:18:51.000]  和张居正他们呢
[00:18:51.000 --> 00:18:54.000]  去年两经一十三省
[00:18:54.000 --> 00:18:55.000]  全年的税银
[00:18:55.000 --> 00:18:59.000]  共为四千五百三十六万七千两
[00:18:59.000 --> 00:19:01.000]  去年年初
[00:19:01.000 --> 00:19:04.000]  各项开支预算为
[00:19:04.000 --> 00:19:07.000]  三千九百八十万两
[00:19:07.000 --> 00:19:09.000]  可是
[00:19:09.000 --> 00:19:11.000]  昨天各部报来的账单
[00:19:11.000 --> 00:19:14.000]  共耗银五千三百八十万两
[00:19:14.000 --> 00:19:17.000]  收支两底
[00:19:17.000 --> 00:19:18.000]  去年一年
[00:19:18.000 --> 00:19:20.000]  超支的亏空
[00:19:20.000 --> 00:19:23.000]  竟达八百四十三万三千两
[00:19:23.000 --> 00:19:28.000]  如果和去年年初的开支预算合对
[00:19:28.000 --> 00:19:31.000]  去年一年的超支则在
[00:19:31.000 --> 00:19:33.000]  一千四百万两以上
[00:19:33.000 --> 00:19:36.000]  我们先说
[00:19:36.000 --> 00:19:39.000]  加在兵部头上的三百万两亏空
[00:19:39.000 --> 00:19:41.000]  这三百万两
[00:19:41.000 --> 00:19:43.000]  兵部并未支出
[00:19:43.000 --> 00:19:46.000]  也是公部支出
[00:19:46.000 --> 00:19:48.000]  一句话
[00:19:48.000 --> 00:19:52.000]  去年一年亏空的一千四百万两
[00:19:52.000 --> 00:19:54.000]  都是吏部和公部的亏空
[00:19:54.000 --> 00:19:57.000]  却让我们从其他部来拟票
[00:19:57.000 --> 00:20:00.000]  小和老
[00:20:00.000 --> 00:20:02.000]  你说这个字我们怎么签
[00:20:02.000 --> 00:20:04.000]  内阁拟票的时候
[00:20:04.000 --> 00:20:06.000]  你们户部两个堂官都在场
[00:20:07.000 --> 00:20:09.000]  你们当时就见过这张票你
[00:20:09.000 --> 00:20:12.000]  那个时候有话不说
[00:20:12.000 --> 00:20:15.000]  现在却在御前会议上相撞五箭
[00:20:15.000 --> 00:20:17.000]  老徐
[00:20:17.000 --> 00:20:19.000]  你们到底要干什么
[00:20:19.000 --> 00:20:22.000]  看过不等于核实过
[00:20:22.000 --> 00:20:26.000]  昨天晚间
[00:20:26.000 --> 00:20:29.000]  我们找兵部已核实
[00:20:29.000 --> 00:20:32.000]  才发现这笔开支有出入
[00:20:32.000 --> 00:20:35.000]  这件事
[00:20:35.000 --> 00:20:37.000]  太月 你来说吧
[00:20:37.000 --> 00:20:39.000]  是
[00:20:39.000 --> 00:20:41.000]  兵部去年的开支
[00:20:41.000 --> 00:20:44.000]  在辣月二十七就核实完毕
[00:20:44.000 --> 00:20:45.000]  上交了户部
[00:20:45.000 --> 00:20:47.000]  当时我们的开支
[00:20:47.000 --> 00:20:49.000]  完全是按年初的预算
[00:20:49.000 --> 00:20:50.000]  并未超支
[00:20:50.000 --> 00:20:52.000]  但昨天
[00:20:52.000 --> 00:20:55.000]  户部通知我去核实票你
[00:20:55.000 --> 00:20:57.000]  称兵部超支了三百万两
[00:20:57.000 --> 00:20:59.000]  我去看了
[00:20:59.000 --> 00:21:01.000]  这三百万两
[00:21:01.000 --> 00:21:05.000]  是记在兵部造战船三十艘的帐上
[00:21:05.000 --> 00:21:07.000]  而且明确记载
[00:21:07.000 --> 00:21:10.000]  是给七季光与大尤
[00:21:10.000 --> 00:21:12.000]  在海上与倭寇作战用的
[00:21:12.000 --> 00:21:14.000]  实际上
[00:21:14.000 --> 00:21:19.000]  我兵部并未见到一艘战船
[00:21:19.000 --> 00:21:22.000]  不好了 不好了
[00:21:22.000 --> 00:21:24.000]  王爷 王爷
[00:21:24.000 --> 00:21:27.000]  快请太医吧
[00:21:27.000 --> 00:21:29.000]  不
[00:21:29.000 --> 00:21:36.000]  我去吧 王爷
[00:21:36.000 --> 00:21:40.000]  等等
[00:21:40.000 --> 00:21:42.000]  你带两个人去
[00:21:42.000 --> 00:21:44.000]  让他们领着太医来
[00:21:44.000 --> 00:21:46.000]  你在宫外等着
[00:21:46.000 --> 00:21:48.000]  看看高股和张居正他们
[00:21:48.000 --> 00:21:49.000]  有没有事
[00:21:49.000 --> 00:21:50.000]  是
[00:21:50.000 --> 00:21:51.000]  退下
[00:21:51.000 --> 00:21:53.000]  吕公公
[00:21:54.000 --> 00:21:57.000]  确实有三十艘战船
[00:21:57.000 --> 00:21:59.000]  耗资也是三百万
[00:21:59.000 --> 00:22:01.000]  是在浙江和福建两个工厂
[00:22:01.000 --> 00:22:02.000]  同时建造的
[00:22:02.000 --> 00:22:05.000]  本来这批战船
[00:22:05.000 --> 00:22:08.000]  是为兵部造了一备海上作战用的
[00:22:08.000 --> 00:22:11.000]  后来为修宫中几个大殿运送木料
[00:22:11.000 --> 00:22:12.000]  调用了十艘
[00:22:12.000 --> 00:22:14.000]  其余二十艘
[00:22:14.000 --> 00:22:16.000]  让士博斯借用了
[00:22:16.000 --> 00:22:17.000]  吕公公
[00:22:17.000 --> 00:22:19.000]  这件事
[00:22:19.000 --> 00:22:22.000]  士博斯应该向宫里禀报
[00:22:23.000 --> 00:22:24.000]  有这么回事吗
[00:22:24.000 --> 00:22:28.000]  是有这么回事
[00:22:28.000 --> 00:22:31.000]  当时士博斯是为了运送丝绸
[00:22:31.000 --> 00:22:33.000]  茶叶和瓷器出往波斯
[00:22:33.000 --> 00:22:35.000]  印度等地换来白银
[00:22:35.000 --> 00:22:36.000]  由于船只不够
[00:22:36.000 --> 00:22:38.000]  借用了二十艘船
[00:22:38.000 --> 00:22:41.000]  后来因为海上倭寇闹事
[00:22:41.000 --> 00:22:44.000]  这批货就转到京行运河
[00:22:44.000 --> 00:22:45.000]  运到京里来了
[00:22:45.000 --> 00:22:50.000]  那
[00:22:50.000 --> 00:22:53.000]  这件事就说清楚了
[00:22:53.000 --> 00:22:54.000]  十艘船
[00:22:54.000 --> 00:22:58.000]  是为了修宫里的大殿运送木料
[00:22:58.000 --> 00:22:59.000]  二十艘船
[00:22:59.000 --> 00:23:03.000]  是士博斯为了给朝廷调运货物
[00:23:03.000 --> 00:23:04.000]  账
[00:23:04.000 --> 00:23:07.000]  虽然算在兵部头上
[00:23:07.000 --> 00:23:08.000]  但是钱
[00:23:08.000 --> 00:23:11.000]  还是都用在了正土
[00:23:11.000 --> 00:23:14.000]  现在宫里遭火灾的几处大殿
[00:23:14.000 --> 00:23:16.000]  都修好了
[00:23:16.000 --> 00:23:17.000]  严大人
[00:23:17.000 --> 00:23:20.000]  你们把那十艘船还给兵部
[00:23:20.000 --> 00:23:23.000]  士博斯这边我也打个招呼
[00:23:23.000 --> 00:23:26.000]  缺船可以另造
[00:23:26.000 --> 00:23:28.000]  不要占用战船
[00:23:28.000 --> 00:23:31.000]  三十艘船都还给了兵部
[00:23:31.000 --> 00:23:34.000]  这三百万两的开支
[00:23:34.000 --> 00:23:36.000]  记在兵部的账上
[00:23:36.000 --> 00:23:38.000]  也就名正言顺了
[00:23:38.000 --> 00:23:41.000]  那十艘船都还给了兵部
[00:23:41.000 --> 00:23:44.000]  这三百万两的开支
[00:23:44.000 --> 00:23:47.000]  记在兵部的账上
[00:23:47.000 --> 00:23:50.000]  也就名正言顺了
[00:23:50.000 --> 00:23:52.000]  这三百万的票你
[00:23:52.000 --> 00:23:55.000]  户部可以签字了
[00:23:55.000 --> 00:23:57.000]  这三百万的票你
[00:23:57.000 --> 00:24:00.000]  户部可以签字了
[00:24:00.000 --> 00:24:09.000]  签字吧
[00:24:09.000 --> 00:24:11.000]  这三百万的票你
[00:24:11.000 --> 00:24:14.000]  户部可以签字了
[00:24:14.000 --> 00:24:23.000]  签字吧
[00:24:37.000 --> 00:24:39.000]  还有哪几张票你
[00:24:39.000 --> 00:24:42.000]  你们户部没有签字
[00:24:42.000 --> 00:24:45.000]  一笔是
[00:24:45.000 --> 00:24:49.000]  江苏和浙江的修合工款
[00:24:49.000 --> 00:24:52.000]  修江苏的白某河吴松江
[00:24:52.000 --> 00:24:56.000]  工部年初报的是二百万两
[00:24:56.000 --> 00:25:00.000]  这回结账是三百五十万两
[00:25:00.000 --> 00:25:03.000]  修浙江的新安江
[00:25:03.000 --> 00:25:06.000]  工部年初报的是一百万两
[00:25:06.000 --> 00:25:09.000]  这回结账是二百万两
[00:25:09.000 --> 00:25:11.000]  超支的亏空共为
[00:25:11.000 --> 00:25:14.000]  二百五十万两
[00:25:14.000 --> 00:25:16.000]  江浙是朝廷赋税重地
[00:25:16.000 --> 00:25:18.000]  修合多出的工款
[00:25:18.000 --> 00:25:21.000]  河道衙门有详细账目可查
[00:25:21.000 --> 00:25:23.000]  再说了
[00:25:23.000 --> 00:25:24.000]  河道监管
[00:25:24.000 --> 00:25:27.000]  都是宫里派去的公公
[00:25:27.000 --> 00:25:30.000]  你们不签字恐怕不只是
[00:25:30.000 --> 00:25:33.000]  对着我们工部来的吧
[00:25:33.000 --> 00:25:34.000]  小哥老
[00:25:34.000 --> 00:25:36.000]  高大人
[00:25:36.000 --> 00:25:39.000]  还有哪些没有签字
[00:25:39.000 --> 00:25:42.000]  还有
[00:25:42.000 --> 00:25:45.000]  宫里修店宇的木料货款
[00:25:45.000 --> 00:25:49.000]  工部年初报的议算是三百万两
[00:25:49.000 --> 00:25:53.000]  这次结账竟高达七百万两
[00:25:53.000 --> 00:25:56.000]  亏空四百万两
[00:25:56.000 --> 00:25:58.000]  我就知道
[00:25:58.000 --> 00:26:00.000]  你们算来算去
[00:26:00.000 --> 00:26:03.000]  就会算到皇上头上
[00:26:03.000 --> 00:26:09.000]  是谁叫你对皇上说这些话的
[00:26:09.000 --> 00:26:16.000]  我说的是工部亏损了四百万两
[00:26:16.000 --> 00:26:21.000]  我没说不该给宫里修店宇
[00:26:21.000 --> 00:26:27.000]  你要杀人直接动手就是
[00:26:27.000 --> 00:26:29.000]  用不着这样欲加之罪
[00:26:29.000 --> 00:26:31.000]  高祖亲
[00:26:31.000 --> 00:26:34.000]  我是大明的官员
[00:26:34.000 --> 00:26:39.000]  尽自己的职责
[00:26:39.000 --> 00:26:42.000]  这是公义
[00:26:42.000 --> 00:26:47.000]  谁也没给你加罪
[00:26:47.000 --> 00:26:51.000]  皇上更没给你加罪
[00:26:51.000 --> 00:26:54.000]  户部提出疑问
[00:26:54.000 --> 00:26:57.000]  工部能说清楚就行
[00:26:57.000 --> 00:26:59.000]  何罪之有
[00:26:59.000 --> 00:27:02.000]  萧阁老
[00:27:02.000 --> 00:27:08.000]  赵立结算的账单和预算的单子不合
[00:27:08.000 --> 00:27:11.000]  户部可以提出
[00:27:11.000 --> 00:27:14.000]  用不着生气
[00:27:14.000 --> 00:27:19.000]  徐国老说得对 严大人
[00:27:19.000 --> 00:27:22.000]  你就把这笔开支说说吧
[00:27:22.000 --> 00:27:23.000]  吕公公
[00:27:23.000 --> 00:27:25.000]  这大家都知道的事情
[00:27:25.000 --> 00:27:29.000]  有什么好说的
[00:27:29.000 --> 00:27:33.000]  年初的预算是说到云贵山里运木料
[00:27:33.000 --> 00:27:35.000]  可后来一勘查
[00:27:35.000 --> 00:27:37.000]  没有路 山高林密
[00:27:37.000 --> 00:27:40.000]  这大料根本就运不下山来
[00:27:40.000 --> 00:27:44.000]  这才改成了从南遥海面运来木料
[00:27:44.000 --> 00:27:46.000]  这一年的工期
[00:27:46.000 --> 00:27:49.000]  突然增加了这么大的难处
[00:27:49.000 --> 00:27:51.000]  我们工部日夜赶办
[00:27:51.000 --> 00:27:53.000]  连大船都翻了好几艘
[00:27:53.000 --> 00:27:55.000]  但还是抢在年底前
[00:27:55.000 --> 00:27:57.000]  将宫里的几处垫雨修好了
[00:27:57.000 --> 00:27:59.000]  为了皇上
[00:27:59.000 --> 00:28:01.000]  我们什么苦都可以受
[00:28:01.000 --> 00:28:03.000]  可我就是不懂
[00:28:03.000 --> 00:28:06.000]  都是干着朝廷的事
[00:28:06.000 --> 00:28:08.000]  为什么总是谁干得多
[00:28:08.000 --> 00:28:10.000]  受得委屈就越大
[00:28:10.000 --> 00:28:11.000]  这多花的银子
[00:28:11.000 --> 00:28:15.000]  你们为什么总是揪住不放呢
[00:28:15.000 --> 00:28:18.000]  太医就会到了 就会到了
[00:28:18.000 --> 00:28:23.000]  王爷
[00:28:23.000 --> 00:28:28.000]  高宫 张继承
[00:28:28.000 --> 00:28:30.000]  不会有事的
[00:28:30.000 --> 00:28:32.000]  谁都不会有事的
[00:28:32.000 --> 00:28:34.000]  您也不必担心
[00:28:34.000 --> 00:28:35.000]  王爷
[00:28:35.000 --> 00:28:36.000]  您也不必担心
[00:28:36.000 --> 00:28:37.000]  王爷
[00:28:37.000 --> 00:28:38.000]  您也不必担心
[00:28:38.000 --> 00:28:39.000]  王爷
[00:28:39.000 --> 00:28:40.000]  您也不必担心
[00:28:40.000 --> 00:28:41.000]  王爷
[00:28:41.000 --> 00:28:42.000]  您也不必担心
[00:28:42.000 --> 00:28:43.000]  王爷
[00:28:43.000 --> 00:28:45.000]  您争口气
[00:28:45.000 --> 00:28:49.000]  给皇上把个龙隼给生下来
[00:28:49.000 --> 00:28:51.000]  就什么都好了
[00:28:51.000 --> 00:29:02.000]  如果是这样子
[00:29:02.000 --> 00:29:04.000]  这几笔开支
[00:29:04.000 --> 00:29:09.000]  户部似乎应该签字
[00:29:09.000 --> 00:29:10.000]  据辽东的军报
[00:29:10.000 --> 00:29:13.000]  安大部今年还将有更大的进犯
[00:29:13.000 --> 00:29:15.000]  而我东北一带的长城
[00:29:15.000 --> 00:29:17.000]  必须要重修
[00:29:17.000 --> 00:29:18.000]  光此一巷
[00:29:18.000 --> 00:29:20.000]  就要比去年的开支
[00:29:20.000 --> 00:29:22.000]  增加二百万两以上
[00:29:22.000 --> 00:29:25.000]  还有就是东南沿海的防务
[00:29:25.000 --> 00:29:27.000]  如闽热两地
[00:29:27.000 --> 00:29:29.000]  去年全靠七地光
[00:29:29.000 --> 00:29:30.000]  余大游两步
[00:29:30.000 --> 00:29:32.000]  不足两万的兵力
[00:29:32.000 --> 00:29:34.000]  抵御倭寇在路上的骚乱
[00:29:34.000 --> 00:29:39.000]  可是我们的商船
[00:29:39.000 --> 00:29:40.000]  我们的私手茶叶瓷器
[00:29:40.000 --> 00:29:41.000]  竟不能出海
[00:29:41.000 --> 00:29:42.000]  光这一巷
[00:29:42.000 --> 00:29:45.000]  每年损失就将达千万两以上
[00:29:45.000 --> 00:29:49.000]  要保证东南海面货物畅通
[00:29:49.000 --> 00:29:51.000]  今年的闽热广东的牧兵
[00:29:51.000 --> 00:29:53.000]  势在必行
[00:29:53.000 --> 00:29:54.000]  而这一巷
[00:29:54.000 --> 00:29:56.000]  又将要增加开支
[00:29:56.000 --> 00:29:58.000]  二百万两以上
[00:29:58.000 --> 00:30:01.000]  要都像去年那样
[00:30:01.000 --> 00:30:04.000]  一年之内把户部库存的银子
[00:30:04.000 --> 00:30:05.000]  全部用光了
[00:30:05.000 --> 00:30:07.000]  今年朝廷就得加征
[00:30:07.000 --> 00:30:09.000]  百姓的赋税
[00:30:09.000 --> 00:30:11.000]  来之前我已经听说了
[00:30:11.000 --> 00:30:13.000]  有的省份已经把赋税
[00:30:13.000 --> 00:30:16.000]  加征到了加径四十五年
[00:30:16.000 --> 00:30:19.000]  如此下去
[00:30:19.000 --> 00:30:22.000]  户部这个家怎么当
[00:30:22.000 --> 00:30:25.000]  我以为这不是徐格老
[00:30:25.000 --> 00:30:27.000]  和高大人所能承担的事
[00:30:27.000 --> 00:30:29.000]  那你的意思叫谁承担呢
[00:30:29.000 --> 00:30:31.000]  我没有说叫谁承担
[00:30:31.000 --> 00:30:33.000]  凡事欲则立 不欲则废
[00:30:33.000 --> 00:30:34.000]  如果还像去年那样
[00:30:34.000 --> 00:30:36.000]  不按预算开支 饮吃某粮
[00:30:36.000 --> 00:30:38.000]  则某粮吃完以后
[00:30:38.000 --> 00:30:39.000]  真不知道我大明朝
[00:30:39.000 --> 00:30:40.000]  还有什么可吃
[00:30:40.000 --> 00:30:41.000]  照你这么说
[00:30:41.000 --> 00:30:43.000]  去年为江浙修河堤
[00:30:43.000 --> 00:30:45.000]  为皇上修宫市
[00:30:45.000 --> 00:30:46.000]  已经把我大明朝
[00:30:46.000 --> 00:30:48.000]  修得山穹水尽了
[00:30:48.000 --> 00:30:49.000]  我没有这样说
[00:30:49.000 --> 00:30:51.000]  那你刚才话中的意思是什么
[00:30:51.000 --> 00:30:52.000]  那小格老的意思
[00:30:52.000 --> 00:30:53.000]  是不是今年
[00:30:53.000 --> 00:30:54.000]  还要像去年那样窥窿
[00:30:54.000 --> 00:30:55.000]  李公公
[00:30:55.000 --> 00:30:57.000]  奸臣已经自己跳出来了
[00:30:57.000 --> 00:30:59.000]  高拱是一个
[00:30:59.000 --> 00:31:02.000]  还有张居正
[00:31:02.000 --> 00:31:22.000]  奸字怎么写
[00:31:22.000 --> 00:31:26.000]  是一个女子加一个干子
[00:31:26.000 --> 00:31:28.000]  我高拱到现在
[00:31:28.000 --> 00:31:30.000]  还是一个糟糠之亲
[00:31:30.000 --> 00:31:32.000]  小格老 就在昨天
[00:31:32.000 --> 00:31:35.000]  你已经娶了第九房一太太
[00:31:35.000 --> 00:31:37.000]  这个奸字
[00:31:37.000 --> 00:31:39.000]  恐怕加不到我高拱头上
[00:31:39.000 --> 00:31:41.000]  不要东拉西扯了
[00:31:41.000 --> 00:31:44.000]  我看你 不光是你
[00:31:44.000 --> 00:31:45.000]  还有一些人
[00:31:45.000 --> 00:31:48.000]  就是去年辣语二十九周云逸
[00:31:48.000 --> 00:31:50.000]  诽谤朝廷的后台
[00:31:50.000 --> 00:31:52.000]  周云逸
[00:31:52.000 --> 00:31:56.000]  一个倾天间管天下的官员
[00:31:56.000 --> 00:31:59.000]  为什么能够在诽谤朝廷的时候
[00:31:59.000 --> 00:32:03.000]  能把朝廷去年的用度说得那么清楚
[00:32:03.000 --> 00:32:05.000]  当时我就纳闷
[00:32:05.000 --> 00:32:07.000]  现在我总算清楚了
[00:32:07.000 --> 00:32:09.000]  就是我们在座的有些人
[00:32:09.000 --> 00:32:12.000]  事先把详情告诉了他
[00:32:12.000 --> 00:32:18.000]  是谁挑唆的
[00:32:19.000 --> 00:32:22.000]  怎么 敢做不敢认
[00:32:22.000 --> 00:32:23.000]  是谁
[00:32:23.000 --> 00:32:24.000]  是谁
[00:32:24.000 --> 00:32:26.000]  上天保佑
[00:32:26.000 --> 00:32:28.000]  是龙子龙子
[00:32:28.000 --> 00:32:30.000]  上天保佑
[00:32:30.000 --> 00:32:32.000]  是龙子龙子
[00:32:32.000 --> 00:32:34.000]  上天保佑
[00:32:34.000 --> 00:32:36.000]  是龙子龙子
[00:32:36.000 --> 00:32:38.000]  上天保佑
[00:32:38.000 --> 00:32:40.000]  是龙子龙子
[00:32:40.000 --> 00:32:42.000]  上天保佑
[00:32:42.000 --> 00:32:44.000]  是龙子龙子
[00:32:44.000 --> 00:32:46.000]  上天保佑
[00:32:46.000 --> 00:32:48.000]  是龙子龙子
[00:32:48.000 --> 00:32:50.000]  上天保佑
[00:32:50.000 --> 00:32:52.000]  是龙子龙子
[00:32:52.000 --> 00:32:54.000]  上天保佑
[00:32:54.000 --> 00:32:56.000]  是龙子龙孙
[00:32:56.000 --> 00:33:00.000]  恭喜王爷
[00:33:00.000 --> 00:33:02.000]  恭喜王爷
[00:33:02.000 --> 00:33:18.000]  立刻进宫
[00:33:18.000 --> 00:33:20.000]  给皇上报喜
[00:33:20.000 --> 00:33:24.000]  万岁万岁万万岁
[00:33:24.000 --> 00:33:28.000]  免得身行似鹤行
[00:33:28.000 --> 00:33:32.000]  千柱松下
[00:33:32.000 --> 00:33:35.000]  两寒京
[00:33:35.000 --> 00:33:42.000]  我来问道无余说
[00:33:42.000 --> 00:33:46.000]  云在青天
[00:33:46.000 --> 00:33:48.000]  水在平
[00:33:48.000 --> 00:33:49.000]  请
[00:33:49.000 --> 00:33:58.000]  严格老
[00:33:58.000 --> 00:33:59.000]  臣在
[00:33:59.000 --> 00:34:01.000]  严世凡说
[00:34:01.000 --> 00:34:03.000]  诽谤朝廷的那个周银玉
[00:34:03.000 --> 00:34:04.000]  有后台
[00:34:04.000 --> 00:34:08.000]  而且后台就在你的内阁里
[00:34:08.000 --> 00:34:10.000]  你说
[00:34:10.000 --> 00:34:13.000]  谁是周银玉的后台
[00:34:16.000 --> 00:34:18.000]  回皇上
[00:34:18.000 --> 00:34:21.000]  这里没有周银玉的后台
[00:34:21.000 --> 00:34:25.000]  那周银玉为什么会把去年朝廷的用度
[00:34:25.000 --> 00:34:27.000]  说得那么清楚
[00:34:27.000 --> 00:34:30.000]  朝廷无私账
[00:34:30.000 --> 00:34:34.000]  比方去年江苏修百贸河无宗江
[00:34:34.000 --> 00:34:36.000]  浙江修西安江
[00:34:36.000 --> 00:34:39.000]  陕西河南大汉
[00:34:39.000 --> 00:34:42.000]  都是明发尚玉拨的银子
[00:34:42.000 --> 00:34:45.000]  宫里修几座殿宇的费用
[00:34:45.000 --> 00:34:47.000]  他怎么也知道
[00:34:47.000 --> 00:34:50.000]  这说明宫部走的都是名帐
[00:34:50.000 --> 00:34:59.000]  起来都起来吧
[00:34:59.000 --> 00:35:03.000]  谢皇上
[00:35:13.000 --> 00:35:15.000]  不要这样看着你爹
[00:35:15.000 --> 00:35:18.000]  要好好学着
[00:35:18.000 --> 00:35:20.000]  是
[00:35:20.000 --> 00:35:25.000]  朕刚才念的是唐朝礼谣的问道诗
[00:35:25.000 --> 00:35:29.000]  朕最喜欢的就是最后一句
[00:35:29.000 --> 00:35:32.000]  云在青天 水在平
[00:35:32.000 --> 00:35:34.000]  你们这些人
[00:35:34.000 --> 00:35:36.000]  有些是云 有些是水
[00:35:36.000 --> 00:35:39.000]  所做的事情不同而已
[00:35:39.000 --> 00:35:41.000]  都是忠臣
[00:35:41.000 --> 00:35:43.000]  没有奸臣
[00:35:43.000 --> 00:35:44.000]  回皇上
[00:35:44.000 --> 00:35:47.000]  高拱张居正刚才的言论
[00:35:47.000 --> 00:35:49.000]  和辣月二十九周云逸的言论
[00:35:49.000 --> 00:35:50.000]  如出一辙
[00:35:50.000 --> 00:35:52.000]  如出一辙
[00:35:52.000 --> 00:35:56.000]  也没有什么不好
[00:35:56.000 --> 00:35:59.000]  周云逸被打死的事
[00:35:59.000 --> 00:36:02.000]  朕现在一想起来
[00:36:02.000 --> 00:36:04.000]  也还是觉得很惋惜
[00:36:04.000 --> 00:36:07.000]  他也没有思念
[00:36:07.000 --> 00:36:10.000]  只是他的话有扰朝政
[00:36:10.000 --> 00:36:12.000]  朕也就叫打他二十听杖
[00:36:12.000 --> 00:36:14.000]  可没想到他就
[00:36:14.000 --> 00:36:17.000]  吕方
[00:36:17.000 --> 00:36:19.000]  奴婢在
[00:36:19.000 --> 00:36:21.000]  东厂的人你也该好好管管了
[00:36:21.000 --> 00:36:23.000]  查一下
[00:36:23.000 --> 00:36:25.000]  辣月二十九打死周云逸
[00:36:25.000 --> 00:36:27.000]  是谁长的型
[00:36:27.000 --> 00:36:28.000]  是
[00:36:28.000 --> 00:36:30.000]  奴婢下去就查
[00:36:30.000 --> 00:36:31.000]  严十分
[00:36:31.000 --> 00:36:32.000]  臣在
[00:36:32.000 --> 00:36:34.000]  刚才听高拱说
[00:36:34.000 --> 00:36:36.000]  你昨天娶了第九房太太
[00:36:36.000 --> 00:36:37.000]  回皇上
[00:36:37.000 --> 00:36:39.000]  臣回去之后
[00:36:39.000 --> 00:36:42.000]  就将几房小妻送回娘家
[00:36:42.000 --> 00:36:55.000]  好汉才娶九妻嘛
[00:36:55.000 --> 00:36:58.000]  送回去了
[00:36:58.000 --> 00:37:00.000]  人家怎么办
[00:37:00.000 --> 00:37:04.000]  还是留下
[00:37:04.000 --> 00:37:06.000]  只要多把心思
[00:37:06.000 --> 00:37:08.000]  用在朝廷的事上就好
[00:37:08.000 --> 00:37:09.000]  是
[00:37:09.000 --> 00:37:12.000]  该吵还是要吵啊
[00:37:12.000 --> 00:37:15.000]  各郎
[00:37:15.000 --> 00:37:19.000]  你是守魁内阁的当家人
[00:37:19.000 --> 00:37:23.000]  你有什么打算
[00:37:23.000 --> 00:37:26.000]  当家无非是劫流开源两途
[00:37:26.000 --> 00:37:29.000]  张居正刚才说得对
[00:37:29.000 --> 00:37:32.000]  凡事欲则立
[00:37:32.000 --> 00:37:34.000]  不欲则废
[00:37:36.000 --> 00:37:38.000]  比方工部
[00:37:38.000 --> 00:37:40.000]  为宫里修垫鱼
[00:37:40.000 --> 00:37:43.000]  为什么
[00:37:43.000 --> 00:37:45.000]  不在云归取木材
[00:37:45.000 --> 00:37:48.000]  非要从海面那么远
[00:37:48.000 --> 00:37:50.000]  从南洋运木材来
[00:37:50.000 --> 00:37:56.000]  是因为云归山里的木材运不出来
[00:37:56.000 --> 00:37:59.000]  记得
[00:37:59.000 --> 00:38:02.000]  驾进三十六年朝廷就易过
[00:38:02.000 --> 00:38:05.000]  叫云归修路
[00:38:06.000 --> 00:38:08.000]  这件事当时
[00:38:08.000 --> 00:38:10.000]  臣若是落实了
[00:38:10.000 --> 00:38:16.000]  去年工历得三百多万木料钱
[00:38:16.000 --> 00:38:17.000]  就能省下来
[00:38:17.000 --> 00:38:19.000]  这件事工部有责任
[00:38:19.000 --> 00:38:21.000]  臣有责任
[00:38:21.000 --> 00:38:24.000]  今年的各项开支
[00:38:24.000 --> 00:38:27.000]  内阁下去要好好的议议
[00:38:27.000 --> 00:38:28.000]  张居正
[00:38:28.000 --> 00:38:29.000]  臣在
[00:38:29.000 --> 00:38:31.000]  你刚才说
[00:38:32.000 --> 00:38:36.000]  凡事欲则立 不欲则废
[00:38:36.000 --> 00:38:38.000]  是阁老说的这个意思吗
[00:38:38.000 --> 00:38:40.000]  是这个意思
[00:38:40.000 --> 00:38:44.000]  但阁老说得更透彻一些
[00:38:44.000 --> 00:38:47.000]  朕刚才在里面听你算账算得很透彻
[00:38:47.000 --> 00:38:52.000]  你说只要海面的商路畅通
[00:38:52.000 --> 00:38:56.000]  我大明的商船就可以把货物
[00:38:56.000 --> 00:38:58.000]  运到波斯、印度一带
[00:38:59.000 --> 00:39:02.000]  每年可以开源一千万两以上白银
[00:39:02.000 --> 00:39:05.000]  其实这也不是臣的思路
[00:39:05.000 --> 00:39:08.000]  大明永乐三年开始
[00:39:08.000 --> 00:39:09.000]  成祖太宗皇帝
[00:39:09.000 --> 00:39:12.000]  就命郑和帅船队远下西洋
[00:39:12.000 --> 00:39:15.000]  前后七次 商货远通
[00:39:15.000 --> 00:39:17.000]  直至嘉靖十几年
[00:39:17.000 --> 00:39:19.000]  海上通商依然频繁
[00:39:19.000 --> 00:39:23.000]  后为倭寇骚乱 海面不静
[00:39:23.000 --> 00:39:25.000]  商运受阻
[00:39:25.000 --> 00:39:29.000]  臣在兵部也是从兵部着眼
[00:39:29.000 --> 00:39:33.000]  想着似乎应该给浙民两地增加军饷
[00:39:33.000 --> 00:39:35.000]  让七帝光与大邮部
[00:39:35.000 --> 00:39:38.000]  募充军队建造战船
[00:39:38.000 --> 00:39:40.000]  然后主动出击 剿灭倭寇
[00:39:40.000 --> 00:39:43.000]  重新打通海上货商之路
[00:39:43.000 --> 00:39:46.000]  这件事张居正跟臣商议过
[00:39:46.000 --> 00:39:53.000]  臣以为只要海面货商之路畅通
[00:39:53.000 --> 00:39:56.000]  接下来就是运什么
[00:39:56.000 --> 00:39:59.000]  比如江浙的丝绸
[00:39:59.000 --> 00:40:01.000]  一批上等的丝绸
[00:40:01.000 --> 00:40:04.000]  在内地能卖到六两白银
[00:40:04.000 --> 00:40:06.000]  若是销道西洋诸国
[00:40:06.000 --> 00:40:09.000]  能卖到十两白银以上
[00:40:09.000 --> 00:40:13.000]  现在江苏是一万张之际
[00:40:13.000 --> 00:40:16.000]  浙江是八千张之际
[00:40:16.000 --> 00:40:19.000]  能不能增加之际 多产丝绸
[00:40:19.000 --> 00:40:21.000]  当然能
[00:40:22.000 --> 00:40:24.000]  关键是蚕丝
[00:40:24.000 --> 00:40:29.000]  如何增加丧田 多产蚕丝
[00:40:29.000 --> 00:40:32.000]  皇上圣明
[00:40:32.000 --> 00:40:36.000]  历来江苏的丝绸
[00:40:36.000 --> 00:40:40.000]  就是靠浙江供应蚕丝
[00:40:40.000 --> 00:40:42.000]  气候释然嘛
[00:40:42.000 --> 00:40:45.000]  内阁的意思是
[00:40:45.000 --> 00:40:48.000]  干脆让浙江现有的农田
[00:40:48.000 --> 00:40:51.000]  再搏一半改为丧田
[00:40:51.000 --> 00:40:54.000]  这样每年就能多产蚕丝
[00:40:54.000 --> 00:40:56.000]  一千万两以上
[00:40:56.000 --> 00:41:00.000]  就能够多支丝绸二十万笔
[00:41:00.000 --> 00:41:03.000]  农田都改成丧田
[00:41:03.000 --> 00:41:07.000]  浙江百姓吃什么呢
[00:41:07.000 --> 00:41:09.000]  从外省调拨
[00:41:09.000 --> 00:41:13.000]  历年都是从外省向浙江调拨
[00:41:13.000 --> 00:41:15.000]  七百万档粮食
[00:41:15.000 --> 00:41:17.000]  增加了丧田
[00:41:17.000 --> 00:41:20.000]  再增调粮食就是
[00:41:20.000 --> 00:41:21.000]  是
[00:41:21.000 --> 00:41:26.000]  外省调来的粮一定比自己产得贵
[00:41:26.000 --> 00:41:30.000]  浙江的丧农是否原一
[00:41:30.000 --> 00:41:33.000]  梅母丧田产的丝
[00:41:33.000 --> 00:41:36.000]  比梅母农田产的粮收成要高
[00:41:36.000 --> 00:41:38.000]  再加一条
[00:41:38.000 --> 00:41:42.000]  改的丧田仍按农田征税
[00:41:42.000 --> 00:41:44.000]  不许增加税负
[00:41:44.000 --> 00:41:47.000]  圣明天纵无过皇上
[00:41:47.000 --> 00:41:50.000]  这样一来浙江的百姓定会踊跃重丧
[00:41:50.000 --> 00:41:51.000]  有了私援
[00:41:51.000 --> 00:41:54.000]  浙江和江苏各增几千张稚鸡
[00:41:54.000 --> 00:41:55.000]  不成问题
[00:41:55.000 --> 00:41:56.000]  好啊
[00:41:56.000 --> 00:42:00.000]  好好好
[00:42:00.000 --> 00:42:02.000]  吵架好啊
[00:42:02.000 --> 00:42:06.000]  这不一吵就吵出好办法来了吗
[00:42:06.000 --> 00:42:10.000]  这件事让司令剑和工部去办
[00:42:10.000 --> 00:42:13.000]  当然还有户部
[00:42:13.000 --> 00:42:16.000]  多赚的钱都要入在户部的账上
[00:42:17.000 --> 00:42:19.000]  如何入手
[00:42:19.000 --> 00:42:23.000]  内阁这就回去详细一个方略出来
[00:42:23.000 --> 00:42:26.000]  然后给胡宗宪下吉地
[00:42:26.000 --> 00:42:33.000]  这件事还是要靠胡宗宪去办
[00:42:33.000 --> 00:42:34.000]  是
[00:42:34.000 --> 00:42:36.000]  李芳
[00:42:36.000 --> 00:42:37.000]  奴婢在
[00:42:37.000 --> 00:42:41.000]  周云懿的家里也听说有一大堆的孩子
[00:42:41.000 --> 00:42:43.000]  还有老母亲要安抚
[00:42:44.000 --> 00:42:46.000]  拨些银子
[00:42:46.000 --> 00:42:49.000]  有大内储
[00:42:49.000 --> 00:42:51.000]  奴婢
[00:42:51.000 --> 00:42:53.000]  下去就办
[00:42:53.000 --> 00:43:09.000]  主子
[00:43:09.000 --> 00:43:11.000]  当心招粮
[00:43:11.000 --> 00:43:13.000]  朕不像你们
[00:43:13.000 --> 00:43:15.000]  没那么娇嫩
[00:43:15.000 --> 00:43:17.000]  路芒芒
[00:43:17.000 --> 00:43:19.000]  路芒芒
[00:43:19.000 --> 00:43:21.000]  路芒芒
[00:43:21.000 --> 00:43:40.000]  路芒芒
[00:43:48.000 --> 00:43:50.000]  寂寞大地
[00:43:50.000 --> 00:43:56.000]  有人心
[00:43:56.000 --> 00:44:02.000]  燕窝曲曲秋风冷
[00:44:02.000 --> 00:44:05.000]  故乡
[00:44:05.000 --> 00:44:14.000]  故乡月醉云分明
[00:44:17.000 --> 00:44:25.000]  贪圆记忆
[00:44:25.000 --> 00:44:31.000]  潇涩山中
[00:44:31.000 --> 00:44:38.000]  港一城
[00:44:38.000 --> 00:44:45.000]  荡林兮兮天下市教堂
[00:44:46.000 --> 00:44:53.000]  教堂中远路不平
[00:44:53.000 --> 00:44:59.000]  万里奔兮只为苍生
[00:44:59.000 --> 00:45:07.000]  我一怒唱江宵一笑忘了情
[00:45:08.000 --> 00:45:19.000]  悲欢痛有了余风
[00:45:19.000 --> 00:45:25.000]  万里奔兮只为苍生
[00:45:25.000 --> 00:45:33.000]  我一怒唱江宵一笑忘了情
[00:45:34.000 --> 00:45:46.000]  悲欢痛有了余风
[00:45:46.000 --> 00:45:58.000]  云在青天水在平
[00:46:02.000 --> 00:46:10.000]  天已明
[00:46:10.000 --> 00:46:22.000]  几人醉忘几人醒
[00:46:22.000 --> 00:46:30.000]  几人一梦轻风雨轻作
[00:46:31.000 --> 00:46:37.000]  几座诗看海阔天晴
[00:46:37.000 --> 00:46:45.000]  几座诗看海阔天晴
[00:46:45.000 --> 00:46:58.000]  海阔天晴
[00:46:58.000 --> 00:47:03.000]  几座诗看海阔天晴

