
[00:00:00.000 --> 00:00:07.000]  (音乐)
[00:00:08.000 --> 00:00:17.000]  (音乐)
[00:00:17.000 --> 00:00:27.000]  (音乐)
[00:00:27.000 --> 00:00:37.000]  (音乐)
[00:00:37.000 --> 00:00:47.000]  (音乐)
[00:00:48.000 --> 00:00:58.000]  (音乐)
[00:00:58.000 --> 00:01:09.000]  (音乐)
[00:01:10.000 --> 00:01:20.000]  (音乐)
[00:01:20.000 --> 00:01:31.000]  (音乐)
[00:01:32.000 --> 00:01:42.000]  (音乐)
[00:01:43.000 --> 00:02:03.000]  (音乐)
[00:02:04.000 --> 00:02:20.000]  (音乐)
[00:02:21.000 --> 00:02:41.000]  (音乐)
[00:02:42.000 --> 00:02:52.000]  (音乐)
[00:02:53.000 --> 00:03:14.000]  (音乐)
[00:03:15.000 --> 00:03:35.000]  (音乐)
[00:03:35.000 --> 00:03:44.000]  (音乐)
[00:03:44.000 --> 00:03:59.000]  (音乐)
[00:04:00.000 --> 00:04:20.000]  (音乐)
[00:04:21.000 --> 00:04:37.000]  (音乐)
[00:04:38.000 --> 00:04:58.000]  (音乐)
[00:04:59.000 --> 00:05:09.000]  (音乐)
[00:05:10.000 --> 00:05:31.000]  (音乐)
[00:05:32.000 --> 00:05:47.000]  (音乐)
[00:05:47.000 --> 00:05:54.000]  恭喜老祖宗!恭喜各位祖宗!老天爷下锐雪了!好大的锐雪呀!
[00:05:58.000 --> 00:06:01.000]  皇上有德呀!
[00:06:01.000 --> 00:06:17.000]  皇上这时应该正在单房打坐呢吧?
[00:06:17.000 --> 00:06:22.000]  应该是。一时的时辰也快到了。
[00:06:22.000 --> 00:06:27.000]  该咱们给万岁爷报个祥锐了。
[00:06:27.000 --> 00:06:34.000]  是。老祖宗,奴婢听说冯宝家的大伙不许坑生,自己敢儿抢着给皇上报祥锐去了。
[00:06:34.000 --> 00:06:37.000]  有这回事儿。
[00:06:37.000 --> 00:06:46.000]  好嘛,他报了祥锐,不止皇上一高兴就叫冯宝,取代我们了。
[00:06:46.000 --> 00:06:49.000]  那咱们就再等等。
[00:06:50.000 --> 00:06:57.000]  干爹!干爹!干爹!儿子给干爹道喜了。
[00:06:57.000 --> 00:07:04.000]  有了这场大雪,皇上高兴干爹的差事便办得更好了。
[00:07:04.000 --> 00:07:08.000]  将锐雪的事皇上都知道了?
[00:07:08.000 --> 00:07:14.000]  回干爹的话,儿子已经替干爹向皇上报过祥锐了。
[00:07:14.000 --> 00:07:18.000]  皇上听了喜讯说什么了?
[00:07:19.000 --> 00:07:26.000]  儿子是跪在殿门外报的,连皇上的面都没见着。
[00:07:26.000 --> 00:07:33.000]  只听见里面的同庆想了一声,这也就是说皇上他老人家已经知道了。
[00:07:33.000 --> 00:07:40.000]  我还以为皇上一高兴,就让你进了司礼间了呢?
[00:07:40.000 --> 00:07:46.000]  是啊,我们这些人也是该挪挪地儿了。
[00:07:48.000 --> 00:07:50.000]  干爹!
[00:07:50.000 --> 00:07:56.000]  儿子该死!儿子该死啊!
[00:07:56.000 --> 00:08:00.000]  儿子原之想尽早地替干爹向皇上报个喜讯。
[00:08:00.000 --> 00:08:05.000]  死了也没有别的心思啊,干爹!干爹!
[00:08:05.000 --> 00:08:07.000]  我们先走吧。
[00:08:07.000 --> 00:08:09.000]  (后来)
[00:08:09.000 --> 00:08:11.000]  (后来)
[00:08:37.000 --> 00:08:40.000]  告诉他们,这雪是我大明朝的祥锐。
[00:08:40.000 --> 00:08:45.000]  让大家会儿都起来报祥锐,声音越大越好。
[00:08:45.000 --> 00:08:51.000]  是,吕公公说了,这雪是我大明朝的祥锐,你们都起来!
[00:08:51.000 --> 00:08:56.000]  报祥锐,声音越大越好!
[00:08:56.000 --> 00:09:03.000]  下雪了!老天爷降锐雪了!
[00:09:04.000 --> 00:09:07.000]  下雪了!下雪了!
[00:09:07.000 --> 00:09:14.000]  周云一死,汉雷以东的大雪也忠于下来。
[00:09:14.000 --> 00:09:19.000]  可巨大的国库恢空谁当其境?
[00:09:19.000 --> 00:09:23.000]  今天召开的御前财务会上,
[00:09:23.000 --> 00:09:28.000]  一场关乎国际民生的生死之争仍将继续。
[00:09:29.000 --> 00:09:34.000]  这场关乎国际民生的生死之争仍将继续。
[00:09:34.000 --> 00:09:41.000]  这场关乎国际民生的生死之争仍将继续。
[00:09:41.000 --> 00:09:47.000]  这场关乎国际民生的生死之争仍将继续。
[00:09:47.000 --> 00:09:52.000]  这场关乎国际民生的生死之争仍将继续。
[00:09:52.000 --> 00:09:58.000]  这场关乎国际民生的生死之争仍将继续。
[00:09:58.000 --> 00:10:03.000]  这场关乎国际民生的生死之争仍将继续。
[00:10:03.000 --> 00:10:08.000]  这场关乎国际民生的生死之争仍将继续。
[00:10:08.000 --> 00:10:13.000]  这场关乎国际民生的生死之争仍将继续。
[00:10:13.000 --> 00:10:18.000]  这场关乎国际民生的生死之争仍将继续。
[00:10:18.000 --> 00:10:22.000]  这场关乎国际民生的生死之争仍将继续。
[00:10:22.000 --> 00:10:27.000]  这场关乎国际民生的生死之争仍将继续。
[00:10:27.000 --> 00:10:30.000]  这场关乎国际民生的生死之争仍将继续。
[00:10:30.000 --> 00:10:35.000]  这场关乎国际民生的生死之争仍将继续。
[00:10:35.000 --> 00:10:40.000]  这场关乎国际民生的生死之争仍将继续。
[00:10:40.000 --> 00:10:45.000]  这场关乎国际民生的生死之争仍将继续。
[00:10:45.000 --> 00:10:50.000]  这场关乎国际民生的生死之争仍将继续。
[00:10:50.000 --> 00:10:55.000]  这场关乎国际民生的生死之争仍将继续。
[00:10:56.000 --> 00:10:59.000]  这场关乎国际民生的生死之争仍将继续。
[00:10:59.000 --> 00:11:03.000]  这场关乎国际民生的生死之争仍将继续。
[00:11:03.000 --> 00:11:07.000]  这场关乎国际民生的生死之争仍将继续。
[00:11:07.000 --> 00:11:11.000]  这场关乎国际民生的生死之争仍将继续。
[00:11:11.000 --> 00:11:15.000]  这场关乎国际民生的生死之争仍将继续。
[00:11:15.000 --> 00:11:19.000]  这场关乎国际民生的生死之争仍将继续。
[00:11:19.000 --> 00:11:23.000]  这场关乎国际民生的生死之争仍将继续。
[00:11:24.000 --> 00:11:27.000]  这场关乎国际民生的生死之争仍将继续。
[00:11:27.000 --> 00:11:31.000]  这场关乎国际民生的生死之争仍将继续。
[00:11:31.000 --> 00:11:35.000]  这场关乎国际民生的生死之争仍将继续。
[00:11:35.000 --> 00:11:39.000]  这场关乎国际民生的生死之争仍将继续。
[00:11:39.000 --> 00:11:43.000]  这场关乎国际民生的生死之争仍将继续。
[00:11:43.000 --> 00:11:47.000]  这场关乎国际民生的生死之争仍将继续。
[00:11:47.000 --> 00:11:51.000]  这场关乎国际民生的生死之争仍将继续。
[00:11:52.000 --> 00:11:55.000]  这场关乎国际民生的生死之争仍将继续。
[00:11:55.000 --> 00:11:59.000]  这场关乎国际民生的生死之争仍将继续。
[00:11:59.000 --> 00:12:03.000]  这场关乎国际民生的生死之争仍将继续。
[00:12:03.000 --> 00:12:07.000]  这场关乎国际民生的生死之争仍将继续。
[00:12:07.000 --> 00:12:11.000]  这场关乎国际民生的生死之争仍将继续。
[00:12:11.000 --> 00:12:15.000]  这场关乎国际民生的生死之争仍将继续。
[00:12:15.000 --> 00:12:19.000]  这场关乎国际民生的生死之争仍将继续。
[00:12:20.000 --> 00:12:22.000]  这场关乎国际民生的生死之争仍将继续。
[00:12:22.000 --> 00:12:26.000]  这场关乎国际民生的生死之争仍将继续。
[00:12:26.000 --> 00:12:30.000]  这场关乎国际民生的生死之争仍将继续。
[00:12:30.000 --> 00:12:34.000]  这场关乎国际民生的生死之争仍将继续。
[00:12:34.000 --> 00:12:38.000]  这场关乎国际民生的生死之争仍将继续。
[00:12:38.000 --> 00:12:42.000]  这场关乎国际民生的生死之争仍将继续。
[00:12:42.000 --> 00:12:46.000]  这场关乎国际民生的生死之争仍将继续。
[00:12:47.000 --> 00:12:50.000]  这场关乎国际民生的生死之争仍将继续。
[00:12:50.000 --> 00:12:54.000]  这场关乎国际民生的生死之争仍将继续。
[00:12:54.000 --> 00:12:58.000]  这场关乎国际民生的生死之争仍将继续。
[00:12:58.000 --> 00:13:02.000]  这场关乎国际民生的生死之争仍将继续。
[00:13:02.000 --> 00:13:06.000]  这场关乎国际民生的生死之争仍将继续。
[00:13:06.000 --> 00:13:10.000]  这场关乎国际民生的生死之争仍将继续。
[00:13:10.000 --> 00:13:14.000]  这场关乎国际民生的生死之争仍将继续。
[00:13:15.000 --> 00:13:18.000]  这场关乎国际民生的生死之争仍将继续。
[00:13:18.000 --> 00:13:22.000]  这场关乎国际民生的生死之争仍将继续。
[00:13:22.000 --> 00:13:26.000]  这场关乎国际民生的生死之争仍将继续。
[00:13:26.000 --> 00:13:30.000]  这场关乎国际民生的生死之争仍将继续。
[00:13:30.000 --> 00:13:34.000]  这场关乎国际民生的生死之争仍将继续。
[00:13:34.000 --> 00:13:38.000]  这场关乎国际民生的生死之争仍将继续。
[00:13:38.000 --> 00:13:42.000]  这场关乎国际民生的生死之争仍将继续。
[00:13:43.000 --> 00:13:46.000]  这场关乎国际民生的生死之争仍将继续。
[00:13:46.000 --> 00:13:50.000]  这场关乎国际民生的生死之争仍将继续。
[00:13:50.000 --> 00:13:54.000]  这场关乎国际民生的生死之争仍将继续。
[00:13:54.000 --> 00:13:58.000]  这场关乎国际民生的生死之争仍将继续。
[00:13:58.000 --> 00:14:02.000]  这场关乎国际民生的生死之争仍将继续。
[00:14:02.000 --> 00:14:06.000]  这场关乎国际民生的生死之争仍将继续。
[00:14:06.000 --> 00:14:10.000]  这场关乎国际民生的生死之争仍将继续。
[00:14:11.000 --> 00:14:14.000]  这场关乎国际民生的生死之争仍将继续。
[00:14:14.000 --> 00:14:18.000]  这场关乎国际民生的生死之争仍将继续。
[00:14:18.000 --> 00:14:22.000]  这场关乎国际民生的生死之争仍将继续。
[00:14:22.000 --> 00:14:26.000]  这场关乎国际民生的生死之争仍将继续。
[00:14:26.000 --> 00:14:30.000]  这场关乎国际民生的生死之争仍将继续。
[00:14:30.000 --> 00:14:34.000]  这场关乎国际民生的生死之争仍将继续。
[00:14:34.000 --> 00:14:38.000]  这场关乎国际民生的生死之争仍将继续。
[00:14:39.000 --> 00:14:42.000]  这场关乎国际民生的生死之争仍将继续。
[00:14:42.000 --> 00:14:46.000]  这场关乎国际民生的生死之争仍将继续。
[00:14:46.000 --> 00:14:50.000]  这场关乎国际民生的生死之争仍将继续。
[00:14:50.000 --> 00:14:54.000]  这场关乎国际民生的生死之争仍将继续。
[00:14:54.000 --> 00:14:58.000]  这场关乎国际民生的生死之争仍将继续。
[00:14:58.000 --> 00:15:02.000]  这场关乎国际民生的生死之争仍将继续。
[00:15:02.000 --> 00:15:06.000]  这场关乎国际民生的生死之争仍将继续。
[00:15:07.000 --> 00:15:10.000]  这场关乎国际民生的生死之争仍将继续。
[00:15:10.000 --> 00:15:14.000]  这场关乎国际民生的生死之争仍将继续。
[00:15:14.000 --> 00:15:18.000]  这场关乎国际民生的生死之争仍将继续。
[00:15:18.000 --> 00:15:22.000]  这场关乎国际民生的生死之争仍将继续。
[00:15:22.000 --> 00:15:26.000]  这场关乎国际民生的生死之争仍将继续。
[00:15:26.000 --> 00:15:30.000]  这场关乎国际民生的生死之争仍将继续。
[00:15:30.000 --> 00:15:34.000]  这场关乎国际民生的生死之争仍将继续。
[00:15:35.000 --> 00:15:38.000]  这场关乎国际民生的生死之争仍将继续。
[00:15:38.000 --> 00:15:42.000]  这场关乎国际民生的生死之争仍将继续。
[00:15:42.000 --> 00:15:46.000]  这场关乎国际民生的生死之争仍将继续。
[00:15:46.000 --> 00:15:50.000]  这场关乎国际民生的生死之争仍将继续。
[00:15:50.000 --> 00:15:54.000]  这场关乎国际民生的生死之争仍将继续。
[00:15:54.000 --> 00:15:58.000]  这场关乎国际民生的生死之争仍将继续。
[00:15:58.000 --> 00:16:02.000]  这场关乎国际民生的生死之争仍将继续。
[00:16:03.000 --> 00:16:06.000]  这场关乎国际民生的生死之争仍将继续。
[00:16:06.000 --> 00:16:10.000]  这场关乎国际民生的生死之争仍将继续。
[00:16:10.000 --> 00:16:14.000]  这场关乎国际民生的生死之争仍将继续。
[00:16:14.000 --> 00:16:18.000]  这场关乎国际民生的生死之争仍将继续。
[00:16:18.000 --> 00:16:22.000]  这场关乎国际民生的生死之争仍将继续。
[00:16:22.000 --> 00:16:26.000]  这场关乎国际民生的生死之争仍将继续。
[00:16:26.000 --> 00:16:30.000]  这场关乎国际民生的生死之争仍将继续。
[00:16:31.000 --> 00:16:34.000]  这场关乎国际民生的生死之争仍将继续。
[00:16:34.000 --> 00:16:38.000]  这场关乎国际民生的生死之争仍将继续。
[00:16:38.000 --> 00:16:42.000]  这场关乎国际民生的生死之争仍将继续。
[00:16:42.000 --> 00:16:46.000]  这场关乎国际民生的生死之争仍将继续。
[00:16:46.000 --> 00:16:50.000]  这场关乎国际民生的生死之争仍将继续。
[00:16:50.000 --> 00:16:54.000]  这场关乎国际民生的生死之争仍将继续。
[00:16:54.000 --> 00:16:58.000]  这场关乎国际民生的生死之争仍将继续。
[00:16:59.000 --> 00:17:02.000]  这场关乎国际民生的生死之争仍将继续。
[00:17:02.000 --> 00:17:07.000]  这场关乎国际民生的生死之争仍将继续。
[00:17:07.000 --> 00:17:11.000]  这场关乎国际民生的生死之争仍将继续。
[00:17:11.000 --> 00:17:15.000]  这场关乎国际民生的生死之争仍将继续。
[00:17:15.000 --> 00:17:19.000]  这场关乎国际民生的生死之争仍将继续。
[00:17:19.000 --> 00:17:23.000]  这场关乎国际民生的生死之争仍将继续。
[00:17:23.000 --> 00:17:27.000]  这场关乎国际民生的生死之争仍将继续。
[00:17:28.000 --> 00:17:31.000]  这场关乎国际民生的生死之争仍将继续。
[00:17:31.000 --> 00:17:34.000]  这场关乎国际民生的生死之争仍将继续。
[00:17:34.000 --> 00:17:37.000]  这场关乎国际民生的生死之争仍将继续。
[00:17:37.000 --> 00:17:41.000]  这场关乎国际民生的生死之争仍将继续。
[00:17:41.000 --> 00:17:45.000]  这场关乎国际民生的生死之争仍将继续。
[00:17:45.000 --> 00:17:49.000]  这场关乎国际民生的生死之争仍将继续。
[00:17:49.000 --> 00:17:53.000]  这场关乎国际民生的生死之争仍将继续。
[00:17:53.000 --> 00:17:57.000]  这场关乎国际民生的生死之争仍将继续。
[00:17:57.000 --> 00:17:59.000]  这场关乎国际民生的生死之争仍将继续。
[00:17:59.000 --> 00:18:02.000]  这场关乎国际民生的生死之争仍将继续。
[00:18:02.000 --> 00:18:05.000]  这场关乎国际民生的生死之争仍将继续。
[00:18:05.000 --> 00:18:08.000]  这场关乎国际民生的生死之争仍将继续。
[00:18:08.000 --> 00:18:12.000]  这场关乎国际民生的生死之争仍将继续。
[00:18:12.000 --> 00:18:16.000]  这场关乎国际民生的生死之争仍将继续。
[00:18:16.000 --> 00:18:20.000]  这场关乎国际民生的生死之争仍将继续。
[00:18:20.000 --> 00:18:24.000]  这场关乎国际民生的生死之争仍将继续。
[00:18:25.000 --> 00:18:27.000]  这场关乎国际民生的生死之争仍将继续。
[00:18:27.000 --> 00:18:30.000]  这场关乎国际民生的生死之争仍将继续。
[00:18:30.000 --> 00:18:33.000]  这场关乎国际民生的生死之争仍将继续。
[00:18:33.000 --> 00:18:36.000]  这场关乎国际民生的生死之争仍将继续。
[00:18:36.000 --> 00:18:39.000]  这场关乎国际民生的生死之争仍将继续。
[00:18:39.000 --> 00:18:42.000]  这场关乎国际民生的生死之争仍将继续。
[00:18:42.000 --> 00:18:45.000]  这场关乎国际民生的生死之争仍将继续。
[00:18:45.000 --> 00:18:48.000]  这场关乎国际民生的生死之争仍将继续。
[00:18:49.000 --> 00:18:55.000]  这场关乎国际民生的生死之争仍将继续。
[00:18:55.000 --> 00:18:59.000]  这场关乎国际民生的生死之争仍将继续。
[00:18:59.000 --> 00:19:02.000]  这场关乎国际民生的生死之争仍将继续。
[00:19:02.000 --> 00:19:05.000]  这场关乎国际民生的生死之争仍将继续。
[00:19:05.000 --> 00:19:08.000]  这场关乎国际民生的生死之争仍将继续。
[00:19:08.000 --> 00:19:11.000]  这场关乎国际民生的生死之争仍将继续。
[00:19:11.000 --> 00:19:14.000]  这场关乎国际民生的生死之争仍将继续。
[00:19:14.000 --> 00:19:17.000]  这场关乎国际民生的生死之争仍将继续。
[00:19:18.000 --> 00:19:24.000]  去年一年,朝之的亏空竞打843万3千辆。
[00:19:24.000 --> 00:19:28.000]  如果和去年年初的开支预算合对,
[00:19:28.000 --> 00:19:34.000]  去年一年的朝之则在1400万辆以上。
[00:19:34.000 --> 00:19:40.000]  我们先说加在兵部头上的300万辆亏空,
[00:19:40.000 --> 00:19:46.000]  这300万辆兵部并未支出,也是公布支出。
[00:19:47.000 --> 00:19:51.000]  一句话,去年一年亏空的1400万辆,
[00:19:51.000 --> 00:19:54.000]  都是逆部和公布的亏空,
[00:19:54.000 --> 00:19:57.000]  却让我们从其他部来擬票。
[00:19:57.000 --> 00:20:02.000]  小哥老,你说这个字我们怎么签?
[00:20:02.000 --> 00:20:06.000]  内阁擬票的时候你们互部两个唐官都在场,
[00:20:06.000 --> 00:20:09.000]  你们当时就见过这张票你,
[00:20:09.000 --> 00:20:11.000]  那个时候有话不说,
[00:20:11.000 --> 00:20:15.000]  现在却在御前会议上项庄舞剑。
[00:20:16.000 --> 00:20:19.000]  老徐你们到底要干什么?
[00:20:19.000 --> 00:20:22.000]  看过不等于核实过,
[00:20:22.000 --> 00:20:29.000]  昨天晚节我们找兵部以核实,
[00:20:29.000 --> 00:20:32.000]  才发现这笔开支有出入,
[00:20:32.000 --> 00:20:37.000]  这件事太远你来说吧,
[00:20:37.000 --> 00:20:42.000]  是,兵部去年的开支在辣月27,
[00:20:42.000 --> 00:20:45.000]  就核实完毕上交了户部,
[00:20:46.000 --> 00:20:50.000]  当时我们的开支完全是按年初的预算并未超支,
[00:20:50.000 --> 00:20:54.000]  但昨天户部通知我去核实票你,
[00:20:54.000 --> 00:20:57.000]  称兵部超支了三百万辆,
[00:20:57.000 --> 00:20:59.000]  我去看了,
[00:20:59.000 --> 00:21:04.000]  这三百万辆是记在兵部造战船30艘的帐上,
[00:21:04.000 --> 00:21:07.000]  而且明确记载,
[00:21:07.000 --> 00:21:12.000]  是给七季光与大游在海上与窝扣作战用的,
[00:21:14.000 --> 00:21:15.000]  实际上,
[00:21:15.000 --> 00:21:19.000]  我兵部并未见到一艘战船,
[00:21:19.000 --> 00:21:27.000]  不好了,不好了,王爷,王爷,快请太医吧,
[00:21:27.000 --> 00:21:37.000]  我去吧,王爷,
[00:21:40.000 --> 00:21:45.000]  等等,你带两个人去,让他们领着太医来,
[00:21:45.000 --> 00:21:49.000]  你在宫外等着,看看高巩和张居正他们有没有事,
[00:21:49.000 --> 00:21:52.000]  是,退下,
[00:21:52.000 --> 00:21:54.000]  吕公公,
[00:21:54.000 --> 00:21:59.000]  确实有三十艘战船,好资隐是三百万,
[00:21:59.000 --> 00:22:03.000]  是在浙江和福建两个工厂同时建造的,
[00:22:03.000 --> 00:22:08.000]  本来这批战船是为兵部造了一辈海上作战用的,
[00:22:09.000 --> 00:22:13.000]  后来为修宫中几个大殿运送幕料,调用了十艘,
[00:22:13.000 --> 00:22:17.000]  其余二十艘让士伯斯借用了,
[00:22:17.000 --> 00:22:23.000]  吕公公,这件事士伯斯应该向宫里禀报,
[00:22:23.000 --> 00:22:27.000]  有这么回事吗?
[00:22:27.000 --> 00:22:30.000]  是有这么回事,
[00:22:30.000 --> 00:22:33.000]  当时士伯斯是为了运送丝绸,
[00:22:33.000 --> 00:22:37.000]  茶叶和瓷器出往伯斯,印度等地换来白银,
[00:22:38.000 --> 00:22:40.000]  由于船支不够借用了二十艘船,
[00:22:40.000 --> 00:22:43.000]  后来因为海上窝寇闹事,
[00:22:43.000 --> 00:22:47.000]  这批货就转到京航运河运到京里来了,
[00:22:47.000 --> 00:22:54.000]  那这件事就说清楚了,
[00:22:54.000 --> 00:22:59.000]  十艘船是为了修宫里的大殿运送幕料,
[00:22:59.000 --> 00:23:04.000]  二十艘船是士伯斯为了给朝廷调云货,
[00:23:05.000 --> 00:23:08.000]  仗虽然算在兵部头上,
[00:23:08.000 --> 00:23:12.000]  但是钱还是都用在了正途,
[00:23:12.000 --> 00:23:17.000]  现在宫里遭火灾的几处大殿都修好了,
[00:23:17.000 --> 00:23:21.000]  严大人,你们把那十艘船还给兵部,
[00:23:21.000 --> 00:23:24.000]  士伯斯这边我也打个招呼,
[00:23:24.000 --> 00:23:28.000]  缺船可以另造,不要占用战船,
[00:23:28.000 --> 00:23:31.000]  三十艘船都还给了兵部,
[00:23:32.000 --> 00:23:34.000]  这三百万两的开支,
[00:23:34.000 --> 00:23:38.000]  记在兵部的账上,也就名正言顺了,
[00:23:38.000 --> 00:23:41.000]  这三百万两的开支,也就名正言顺了,
[00:23:41.000 --> 00:23:43.000]  这三百万的票你,
[00:23:43.000 --> 00:23:46.000]  这三百万的票你,
[00:23:46.000 --> 00:23:49.000]  这三百万的票你,
[00:23:49.000 --> 00:23:52.000]  这三百万的票你,
[00:23:52.000 --> 00:23:55.000]  这三百万的票你,
[00:23:55.000 --> 00:23:58.000]  这三百万的票你,
[00:23:58.000 --> 00:24:01.000]  这三百万的票你,
[00:24:01.000 --> 00:24:04.000]  这三百万的票你,
[00:24:04.000 --> 00:24:07.000]  这三百万的票你,
[00:24:07.000 --> 00:24:10.000]  这三百万的票你,
[00:24:10.000 --> 00:24:12.000]  这三百万的票你,
[00:24:12.000 --> 00:24:15.000]  互部可以签字了,
[00:24:15.000 --> 00:24:24.000]  签字吧,
[00:24:39.000 --> 00:24:41.000]  你们互部没有签字,
[00:24:41.000 --> 00:24:44.000]  一笔是,
[00:24:44.000 --> 00:24:48.000]  江苏和浙江的修核工款,
[00:24:48.000 --> 00:24:52.000]  修江苏的白某核无松江,
[00:24:52.000 --> 00:24:55.000]  公布年出报的是二百万两,
[00:24:55.000 --> 00:24:59.000]  这回结账是三百五十万两,
[00:24:59.000 --> 00:25:03.000]  修浙江的新安江,
[00:25:03.000 --> 00:25:06.000]  公布年出报的是一百万两,
[00:25:07.000 --> 00:25:09.000]  这回结账是二百万两,
[00:25:09.000 --> 00:25:13.000]  超支的亏空公为二百五十万两,
[00:25:13.000 --> 00:25:16.000]  江苏是朝廷赋税重地,
[00:25:16.000 --> 00:25:19.000]  修核多处的工款,
[00:25:19.000 --> 00:25:21.000]  核道衙门有详细账目可查,
[00:25:21.000 --> 00:25:23.000]  再说了,
[00:25:23.000 --> 00:25:27.000]  核道监管都是公立派去的公共,
[00:25:27.000 --> 00:25:29.000]  你们不签字,
[00:25:29.000 --> 00:25:32.000]  恐怕不只是对着我们公布来的吧,
[00:25:32.000 --> 00:25:34.000]  小哥老,
[00:25:34.000 --> 00:25:36.000]  高大人,
[00:25:36.000 --> 00:25:38.000]  还有哪些没有签字?
[00:25:38.000 --> 00:25:41.000]  还有,
[00:25:41.000 --> 00:25:44.000]  公立修电宇的幕僚货款,
[00:25:44.000 --> 00:25:48.000]  公布年出报的议算是三百万两,
[00:25:48.000 --> 00:25:52.000]  这次结账竟高达七百万两,
[00:25:52.000 --> 00:25:55.000]  亏空四百万两,
[00:25:55.000 --> 00:25:57.000]  我就知道,
[00:25:57.000 --> 00:26:00.000]  你们算来算去,
[00:26:00.000 --> 00:26:02.000]  就会算到皇上头上,
[00:26:02.000 --> 00:26:03.000]  皇上头上,
[00:26:03.000 --> 00:26:09.000]  是谁叫你对皇上说这些话的?
[00:26:09.000 --> 00:26:17.000]  我说的是公布亏损了四百万两,
[00:26:17.000 --> 00:26:21.000]  我没说不该给公立修电宇,
[00:26:21.000 --> 00:26:27.000]  你要杀人,直接动手就是,
[00:26:27.000 --> 00:26:30.000]  用不着这样欲加之粹,
[00:26:31.000 --> 00:26:33.000]  我就是大明的官员,
[00:26:33.000 --> 00:26:38.000]  尽自己的职责,
[00:26:38.000 --> 00:26:41.000]  这是公义,
[00:26:41.000 --> 00:26:46.000]  谁也没给你加罪,
[00:26:46.000 --> 00:26:49.000]  皇上更没给你加罪,
[00:26:49.000 --> 00:26:53.000]  父不提出疑问,
[00:26:53.000 --> 00:26:56.000]  公布能说清楚就行,
[00:26:56.000 --> 00:26:58.000]  何罪之有?
[00:26:59.000 --> 00:27:00.000]  小哥老,
[00:27:00.000 --> 00:27:06.000]  赵立杰算的账单和预算的单子不合,
[00:27:06.000 --> 00:27:10.000]  父不可以提出,
[00:27:10.000 --> 00:27:12.000]  用不着生气,
[00:27:12.000 --> 00:27:16.000]  徐哥老说得对,
[00:27:16.000 --> 00:27:18.000]  严大人,
[00:27:18.000 --> 00:27:21.000]  你就把这笔开支说说吧,
[00:27:21.000 --> 00:27:23.000]  律公公,
[00:27:23.000 --> 00:27:25.000]  这大家都知道的事情,
[00:27:27.000 --> 00:27:28.000]  有什么好说的,
[00:27:28.000 --> 00:27:30.000]  年初的预算,
[00:27:30.000 --> 00:27:32.000]  是说到云贵山里运木料,
[00:27:32.000 --> 00:27:34.000]  可后来一勘查,
[00:27:34.000 --> 00:27:36.000]  没有路,山高临密,
[00:27:36.000 --> 00:27:39.000]  这大料根本就运不下山来,
[00:27:39.000 --> 00:27:40.000]  这才改成了,
[00:27:40.000 --> 00:27:42.000]  从南洋海面运来木料,
[00:27:42.000 --> 00:27:45.000]  这一年的公期,
[00:27:45.000 --> 00:27:47.000]  突然增加了这么大的难处,
[00:27:47.000 --> 00:27:50.000]  我们公布日夜赶半,
[00:27:50.000 --> 00:27:52.000]  连大船都翻了好几艘,
[00:27:52.000 --> 00:27:54.000]  但还是抢在年底前,
[00:27:54.000 --> 00:27:56.000]  将公里的几处电语修好了,
[00:27:56.000 --> 00:27:58.000]  为了皇上,
[00:27:58.000 --> 00:28:00.000]  我们什么苦都可以受,
[00:28:00.000 --> 00:28:02.000]  可我就是不懂,
[00:28:02.000 --> 00:28:05.000]  都是干着朝廷的事,
[00:28:05.000 --> 00:28:07.000]  为什么总是谁干得多,
[00:28:07.000 --> 00:28:09.000]  受的委屈就越大,
[00:28:09.000 --> 00:28:10.000]  这多花的银子,
[00:28:10.000 --> 00:28:13.000]  你们为什么总是揪猪不放呢,
[00:28:13.000 --> 00:28:15.000]  总是揪猪不放呢,
[00:28:15.000 --> 00:28:27.000]  太医就会到了,
[00:28:27.000 --> 00:28:29.000]  就会到了,
[00:28:29.000 --> 00:28:33.000]  王爷,
[00:28:33.000 --> 00:28:37.000]  高公,
[00:28:37.000 --> 00:28:39.000]  长吉正,
[00:28:39.000 --> 00:28:41.000]  不会有事的,
[00:28:42.000 --> 00:28:43.000]  谁都不会有事的,
[00:28:43.000 --> 00:28:46.000]  你真够气,
[00:28:46.000 --> 00:28:47.000]  给皇上,
[00:28:47.000 --> 00:28:50.000]  把个龙笋给生下来,
[00:28:50.000 --> 00:28:52.000]  就什么都好了,
[00:28:52.000 --> 00:29:02.000]  如果是这样子,
[00:29:02.000 --> 00:29:05.000]  这几笔开支,
[00:29:05.000 --> 00:29:09.000]  户部似乎应该谴责,
[00:29:09.000 --> 00:29:10.000]  不必谴责,
[00:29:10.000 --> 00:29:15.000]  据辽东的军报,
[00:29:15.000 --> 00:29:16.000]  安大部,
[00:29:16.000 --> 00:29:18.000]  今年还将有更大的警犯,
[00:29:18.000 --> 00:29:20.000]  而我东北一带的长城,
[00:29:20.000 --> 00:29:21.000]  必须要重修,
[00:29:21.000 --> 00:29:23.000]  光此一项,
[00:29:23.000 --> 00:29:25.000]  就要比去年的开支,
[00:29:25.000 --> 00:29:26.000]  增加二百万两以上,
[00:29:26.000 --> 00:29:29.000]  还有就是东南沿海的房屋,
[00:29:29.000 --> 00:29:31.000]  如敏热两地,
[00:29:31.000 --> 00:29:33.000]  去年,
[00:29:33.000 --> 00:29:34.000]  全靠七地光,
[00:29:34.000 --> 00:29:35.000]  余大有两部,
[00:29:35.000 --> 00:29:37.000]  不足两万的兵力,
[00:29:37.000 --> 00:29:38.000]  挖扣在路上的骚乱,
[00:29:38.000 --> 00:29:40.000]  可是我们的商船,
[00:29:40.000 --> 00:29:42.000]  我们的私储茶叶瓷器,
[00:29:42.000 --> 00:29:43.000]  竟不能出海,
[00:29:43.000 --> 00:29:44.000]  光这一项,
[00:29:44.000 --> 00:29:45.000]  每年损失,
[00:29:45.000 --> 00:29:46.000]  就将达千万两以上,
[00:29:46.000 --> 00:29:48.000]  要保证,
[00:29:48.000 --> 00:29:50.000]  东南海面货物畅通,
[00:29:50.000 --> 00:29:53.000]  今年的敏热广东的牧兵,
[00:29:53.000 --> 00:29:54.000]  是在必行,
[00:29:54.000 --> 00:29:56.000]  而这一项,
[00:29:56.000 --> 00:29:57.000]  又将要增加开支,
[00:29:57.000 --> 00:29:58.000]  二百万两以上,
[00:29:58.000 --> 00:30:02.000]  要都像去年那样,
[00:30:02.000 --> 00:30:04.000]  一年之内,
[00:30:04.000 --> 00:30:05.000]  把户部库孙的银子,
[00:30:05.000 --> 00:30:06.000]  全部用光了,
[00:30:06.000 --> 00:30:07.000]  今年朝廷,
[00:30:07.000 --> 00:30:09.000]  就得加征百姓的赋税,
[00:30:09.000 --> 00:30:11.000]  来之前,
[00:30:11.000 --> 00:30:12.000]  我已经听说了,
[00:30:12.000 --> 00:30:13.000]  有的省份,
[00:30:13.000 --> 00:30:14.000]  已经把赋税,
[00:30:14.000 --> 00:30:15.000]  加征到了,
[00:30:15.000 --> 00:30:16.000]  加径四十五年,
[00:30:16.000 --> 00:30:19.000]  如此下去,
[00:30:19.000 --> 00:30:21.000]  户部这个家,
[00:30:21.000 --> 00:30:22.000]  怎么当?
[00:30:22.000 --> 00:30:24.000]  我以为,
[00:30:24.000 --> 00:30:26.000]  这不是徐阁老,
[00:30:26.000 --> 00:30:27.000]  和高大人,
[00:30:27.000 --> 00:30:28.000]  所能承担的事?
[00:30:28.000 --> 00:30:29.000]  那你的意思,
[00:30:29.000 --> 00:30:30.000]  叫谁承担呢?
[00:30:30.000 --> 00:30:31.000]  我没有说叫谁承担,
[00:30:31.000 --> 00:30:32.000]  凡是预责利,
[00:30:32.000 --> 00:30:33.000]  不预责费,
[00:30:33.000 --> 00:30:34.000]  如果还像去年那样,
[00:30:34.000 --> 00:30:35.000]  不按预算开支,
[00:30:35.000 --> 00:30:36.000]  银吃某粮,
[00:30:36.000 --> 00:30:37.000]  再某粮吃完以后,
[00:30:37.000 --> 00:30:39.000]  真不知道我大明朝,
[00:30:39.000 --> 00:30:40.000]  还有什么可吃?
[00:30:40.000 --> 00:30:41.000]  照你这么说,
[00:30:41.000 --> 00:30:43.000]  去年为江浙修河堤,
[00:30:43.000 --> 00:30:45.000]  为皇上修公室,
[00:30:45.000 --> 00:30:46.000]  已经把我大明朝,
[00:30:46.000 --> 00:30:48.000]  修的山穷水金,
[00:30:48.000 --> 00:30:49.000]  我没有这样,
[00:30:49.000 --> 00:30:50.000]  那你刚才话中的意思,
[00:30:50.000 --> 00:30:51.000]  是什么?
[00:30:51.000 --> 00:30:52.000]  那小鸽子的意思,
[00:30:52.000 --> 00:30:53.000]  是不是今年,
[00:30:53.000 --> 00:30:54.000]  还要想去年那样,
[00:30:54.000 --> 00:30:55.000]  鬼话?
[00:30:55.000 --> 00:30:56.000]  吕公公,
[00:30:56.000 --> 00:30:58.000]  奸臣已经自己跳出来了,
[00:30:58.000 --> 00:30:59.000]  高拱是一个,
[00:30:59.000 --> 00:31:02.000]  还有张居仗,
[00:31:02.000 --> 00:31:03.000]  居仗居仗,
[00:31:03.000 --> 00:31:22.000]  奸子怎么嫌?
[00:31:22.000 --> 00:31:25.000]  是一个女子,
[00:31:25.000 --> 00:31:26.000]  加一个干子,
[00:31:26.000 --> 00:31:28.000]  我高拱到现在,
[00:31:28.000 --> 00:31:30.000]  还是个遭抗之期,
[00:31:30.000 --> 00:31:31.000]  小哥老,
[00:31:31.000 --> 00:31:32.000]  就在昨天,
[00:31:32.000 --> 00:31:33.000]  你已经娶了,
[00:31:33.000 --> 00:31:35.000]  第九房姨太太,
[00:31:35.000 --> 00:31:37.000]  这个奸子,
[00:31:37.000 --> 00:31:39.000]  恐怕加不到我高拱头上,
[00:31:39.000 --> 00:31:40.000]  不要都拉戏扯了,
[00:31:40.000 --> 00:31:42.000]  我看你,
[00:31:42.000 --> 00:31:44.000]  不光是你,
[00:31:44.000 --> 00:31:45.000]  还有一些人,
[00:31:45.000 --> 00:31:46.000]  就是去年,
[00:31:46.000 --> 00:31:47.000]  落于二十九,
[00:31:47.000 --> 00:31:48.000]  周云毅,
[00:31:48.000 --> 00:31:49.000]  诽谤朝廷的后台,
[00:31:49.000 --> 00:31:52.000]  周云毅,
[00:31:52.000 --> 00:31:54.000]  一个青天间,
[00:31:54.000 --> 00:31:56.000]  管天象的官员,
[00:31:56.000 --> 00:31:57.000]  为什么能够在,
[00:31:57.000 --> 00:31:59.000]  诽谤朝廷的时候,
[00:31:59.000 --> 00:32:01.000]  能把朝廷去年的用度,
[00:32:01.000 --> 00:32:02.000]  说得那么清楚,
[00:32:02.000 --> 00:32:04.000]  当时我就纳闷,
[00:32:04.000 --> 00:32:06.000]  现在我总算清楚了,
[00:32:06.000 --> 00:32:09.000]  就是我们在座的有些人,
[00:32:09.000 --> 00:32:11.000]  事先把详情告诉了他,
[00:32:11.000 --> 00:32:17.000]  是谁挑唆他?
[00:32:17.000 --> 00:32:21.000]  怎么敢做不敢认?
[00:32:21.000 --> 00:32:22.000]  我不敢认!
[00:32:22.000 --> 00:32:24.000]  (详情)
[00:32:51.000 --> 00:32:54.000]  上天保佑,是龙子龙孙!
[00:32:54.000 --> 00:32:57.000]  恭喜王爷!
[00:32:57.000 --> 00:33:00.000]  恭喜王爷!
[00:33:00.000 --> 00:33:16.000]  立刻进宫,
[00:33:16.000 --> 00:33:18.000]  给皇上报息!
[00:33:20.000 --> 00:33:24.000]  万岁!万岁!万万岁!
[00:33:24.000 --> 00:33:27.000]  练得身形,似鹤形,
[00:33:27.000 --> 00:33:32.000]  牵住松下,
[00:33:32.000 --> 00:33:35.000]  两韩京,
[00:33:35.000 --> 00:33:41.000]  我来问道无余说,
[00:33:41.000 --> 00:33:48.000]  云在青天,水在平,
[00:33:48.000 --> 00:33:49.000]  青天,
[00:33:49.000 --> 00:33:59.000]  沿个楼,
[00:33:59.000 --> 00:34:00.000]  臣在,
[00:34:00.000 --> 00:34:02.000]  沿世藩说,
[00:34:02.000 --> 00:34:05.000]  匪傍朝廷的那个周银翊有后台,
[00:34:05.000 --> 00:34:09.000]  而且后台就在你的内阁里,
[00:34:09.000 --> 00:34:11.000]  你说,
[00:34:11.000 --> 00:34:14.000]  谁是周银翊的后台?
[00:34:16.000 --> 00:34:17.000]  会皇上,
[00:34:17.000 --> 00:34:20.000]  这里没有周银翊的后台,
[00:34:20.000 --> 00:34:25.000]  那周银翊为什么会把去年朝廷的用途
[00:34:25.000 --> 00:34:27.000]  说得那么清楚?
[00:34:27.000 --> 00:34:29.000]  朝廷无私账,
[00:34:29.000 --> 00:34:34.000]  比方去年江苏修白猫和吴宗江,
[00:34:34.000 --> 00:34:36.000]  浙江修新安江,
[00:34:36.000 --> 00:34:38.000]  陕西河南大汉,
[00:34:38.000 --> 00:34:42.000]  都是明发尚玉波的银子,
[00:34:42.000 --> 00:34:45.000]  宫里修几座电语的费用,
[00:34:46.000 --> 00:34:47.000]  他怎么也知道?
[00:34:47.000 --> 00:34:50.000]  这说明公布走的都是名仗,
[00:34:50.000 --> 00:34:59.000]  起来,都起来吧,
[00:34:59.000 --> 00:35:02.000]  谢皇上,
[00:35:13.000 --> 00:35:15.000]  不要这样看着你爹,
[00:35:15.000 --> 00:35:18.000]  要好好学着,
[00:35:18.000 --> 00:35:20.000]  是,
[00:35:20.000 --> 00:35:25.000]  朕刚才念的是唐朝李瑶的问道士,
[00:35:25.000 --> 00:35:29.000]  朕最喜欢的就是最后一句,
[00:35:29.000 --> 00:35:32.000]  云在青天水在平,
[00:35:32.000 --> 00:35:36.000]  你们这些人有些是云有些是水,
[00:35:36.000 --> 00:35:39.000]  所做的事情不同而已,
[00:35:39.000 --> 00:35:42.000]  都是忠臣,没有奸臣,
[00:35:42.000 --> 00:35:43.000]  回皇上,
[00:35:43.000 --> 00:35:46.000]  高拱张居正刚才的言论,
[00:35:46.000 --> 00:35:50.000]  和蜡月二十九周云异的言论如出一辙,
[00:35:50.000 --> 00:35:51.000]  如出一辙,
[00:35:51.000 --> 00:35:55.000]  也没有什么不好,
[00:35:55.000 --> 00:35:59.000]  周云异被打死的事,
[00:35:59.000 --> 00:36:01.000]  朕现在一想起来,
[00:36:01.000 --> 00:36:03.000]  也还是觉得很惋惜,
[00:36:03.000 --> 00:36:06.000]  他也没有思念,
[00:36:06.000 --> 00:36:09.000]  只是他的话有扰朝政,
[00:36:11.000 --> 00:36:13.000]  朕也就叫打他二十停仗,
[00:36:13.000 --> 00:36:15.000]  可没想到他就,
[00:36:15.000 --> 00:36:18.000]  李方,
[00:36:18.000 --> 00:36:20.000]  奴婢在,
[00:36:20.000 --> 00:36:22.000]  东厂的人你也该好好管管了,
[00:36:22.000 --> 00:36:23.000]  查一下,
[00:36:23.000 --> 00:36:26.000]  蜡月二十九打死周云异,
[00:36:26.000 --> 00:36:28.000]  是谁掌的心,
[00:36:28.000 --> 00:36:29.000]  是,
[00:36:29.000 --> 00:36:31.000]  奴婢下去就查,
[00:36:31.000 --> 00:36:32.000]  严十分,
[00:36:32.000 --> 00:36:33.000]  臣在,
[00:36:33.000 --> 00:36:37.000]  刚才听高拱说你昨天娶了第九房太太,
[00:36:37.000 --> 00:36:38.000]  回皇上,
[00:36:39.000 --> 00:36:40.000]  臣回去之后,
[00:36:40.000 --> 00:36:42.000]  就将几房小妻送回娘家,
[00:36:42.000 --> 00:36:55.000]  好汉才娶九妻吗?
[00:36:55.000 --> 00:36:59.000]  送回去了,
[00:36:59.000 --> 00:37:00.000]  人家怎么办?
[00:37:00.000 --> 00:37:04.000]  还是留下,
[00:37:04.000 --> 00:37:08.000]  只要多把心思用在朝廷的事上就好,
[00:37:08.000 --> 00:37:09.000]  是,
[00:37:09.000 --> 00:37:12.000]  该朝还是要朝啊,
[00:37:12.000 --> 00:37:15.000]  哥郎,
[00:37:15.000 --> 00:37:19.000]  你是守魁内阁的当家人,
[00:37:19.000 --> 00:37:22.000]  你有什么打算?
[00:37:22.000 --> 00:37:26.000]  当家无非是截留开源两途,
[00:37:26.000 --> 00:37:29.000]  张居正刚才说得对,
[00:37:29.000 --> 00:37:32.000]  凡事欲责利,
[00:37:32.000 --> 00:37:34.000]  不欲责费,
[00:37:36.000 --> 00:37:38.000]  别放公布,
[00:37:38.000 --> 00:37:40.000]  为宫里修电鱼,
[00:37:40.000 --> 00:37:45.000]  为什么不在云桂去木材?
[00:37:45.000 --> 00:37:48.000]  非要从海面那么远,
[00:37:48.000 --> 00:37:50.000]  从南洋运木材来,
[00:37:50.000 --> 00:37:56.000]  是因为云桂山里的木材运不出来,
[00:37:56.000 --> 00:37:59.000]  记得,
[00:37:59.000 --> 00:38:02.000]  家境三十六年朝廷就易过,
[00:38:02.000 --> 00:38:05.000]  叫云桂修路,
[00:38:06.000 --> 00:38:10.000]  这件事当时臣若是落实了,
[00:38:10.000 --> 00:38:16.000]  去年宫里的三百多万木料钱,
[00:38:16.000 --> 00:38:17.000]  就能省下来,
[00:38:17.000 --> 00:38:21.000]  这件事宫不有责任,臣有责任,
[00:38:21.000 --> 00:38:24.000]  今年的各项开支,
[00:38:24.000 --> 00:38:27.000]  内阁下去要好好的意义,
[00:38:27.000 --> 00:38:28.000]  张居正,
[00:38:28.000 --> 00:38:29.000]  臣在,
[00:38:29.000 --> 00:38:31.000]  你刚才说,
[00:38:31.000 --> 00:38:34.000]  凡事欲责利,
[00:38:34.000 --> 00:38:36.000]  不欲责费,
[00:38:36.000 --> 00:38:38.000]  是葛老说的这个意思吗?
[00:38:38.000 --> 00:38:40.000]  是这个意思,
[00:38:40.000 --> 00:38:43.000]  但葛老说的更透彻一些,
[00:38:43.000 --> 00:38:47.000]  臣刚才在里面听你算账算得很透彻,
[00:38:47.000 --> 00:38:52.000]  你说只要海面的商路畅通,
[00:38:52.000 --> 00:38:56.000]  我大明的商船就可以把货物,
[00:38:56.000 --> 00:38:58.000]  运到波斯印度一带,
[00:38:58.000 --> 00:39:02.000]  每年可以开员一千万两以上白银,
[00:39:02.000 --> 00:39:05.000]  其实这也不是臣的思路,
[00:39:05.000 --> 00:39:08.000]  大明拥了三年开始,
[00:39:08.000 --> 00:39:09.000]  成祖太宗皇帝,
[00:39:09.000 --> 00:39:12.000]  就名正和帅船队远下西洋,
[00:39:12.000 --> 00:39:15.000]  前后七四,商货远通,
[00:39:15.000 --> 00:39:17.000]  直至家境十几年,
[00:39:17.000 --> 00:39:19.000]  海上通商依然平反,
[00:39:19.000 --> 00:39:23.000]  后为窝寇骚乱,海面不静,
[00:39:23.000 --> 00:39:25.000]  商运受俗,
[00:39:25.000 --> 00:39:29.000]  臣在兵部,也是从兵部着眼,
[00:39:29.000 --> 00:39:33.000]  想着似乎应该给这名两帝增加军响,
[00:39:33.000 --> 00:39:35.000]  让七季光与大游部,
[00:39:35.000 --> 00:39:38.000]  募充军队建造战船,
[00:39:38.000 --> 00:39:40.000]  然后主动出击,剿灭窝寇,
[00:39:40.000 --> 00:39:43.000]  重新打通海上货商之路,
[00:39:43.000 --> 00:39:46.000]  这件事,张居正跟臣商一过,
[00:39:46.000 --> 00:39:53.000]  臣以为只要海面货商之路畅通,
[00:39:53.000 --> 00:39:55.000]  接下来就是运什么,
[00:39:56.000 --> 00:39:59.000]  比如江浙的私筹,
[00:39:59.000 --> 00:40:01.000]  一批上等的私筹,
[00:40:01.000 --> 00:40:04.000]  在那里能卖到六两百银,
[00:40:04.000 --> 00:40:06.000]  如是消到西洋诸国,
[00:40:06.000 --> 00:40:09.000]  能卖到十两百银以上,
[00:40:09.000 --> 00:40:13.000]  现在江苏是一万张之计,
[00:40:13.000 --> 00:40:16.000]  这将是八千张之计,
[00:40:16.000 --> 00:40:19.000]  能不能增加之计,多产私筹,
[00:40:19.000 --> 00:40:24.000]  当然能,关键是残私,
[00:40:25.000 --> 00:40:28.000]  如何增加桑田,多产残私,
[00:40:28.000 --> 00:40:32.000]  皇上圣明,
[00:40:32.000 --> 00:40:36.000]  历来江苏的私筹,
[00:40:36.000 --> 00:40:40.000]  就是靠浙江供应残私,
[00:40:40.000 --> 00:40:42.000]  气候是然嘛,
[00:40:42.000 --> 00:40:45.000]  内阁的意思是,
[00:40:45.000 --> 00:40:49.000]  干脆让浙江现有的农田再剥一半,
[00:40:49.000 --> 00:40:51.000]  改为桑田,
[00:40:51.000 --> 00:40:55.000]  这样,每年就能多产残私,
[00:40:55.000 --> 00:40:57.000]  一千万两以上,
[00:40:57.000 --> 00:41:01.000]  就能够多支私筹二十万币呀,
[00:41:01.000 --> 00:41:04.000]  农田都改成桑田,
[00:41:04.000 --> 00:41:08.000]  浙江百姓吃什么呢,
[00:41:08.000 --> 00:41:10.000]  从外省调波,
[00:41:10.000 --> 00:41:12.000]  另一年都是从外省
[00:41:12.000 --> 00:41:16.000]  向浙江调波七百万弹粮食,
[00:41:16.000 --> 00:41:20.000]  增加的桑田再增调粮食就是,
[00:41:20.000 --> 00:41:21.000]  是,
[00:41:21.000 --> 00:41:26.000]  外省调来的粮一定比自己产的贵,
[00:41:26.000 --> 00:41:30.000]  浙江的桑浓是否原因,
[00:41:30.000 --> 00:41:33.000]  梅姆桑田产的私,
[00:41:33.000 --> 00:41:36.000]  比梅姆农田产的粮收成要高,
[00:41:36.000 --> 00:41:38.000]  再加一条,
[00:41:38.000 --> 00:41:42.000]  改的桑田仍按农田征税,
[00:41:42.000 --> 00:41:44.000]  不许增加税负,
[00:41:44.000 --> 00:41:47.000]  圣明天纵无过皇上,
[00:41:47.000 --> 00:41:50.000]  这样一来,浙江的百姓定会永越重桑,
[00:41:50.000 --> 00:41:54.000]  有了私员,浙江和江苏各增几千张之机,
[00:41:54.000 --> 00:41:56.000]  不成问题,
[00:41:56.000 --> 00:41:57.000]  好啊,
[00:41:57.000 --> 00:42:01.000]  好啊,好啊,好啊,好啊,
[00:42:01.000 --> 00:42:03.000]  吵架好啊,
[00:42:03.000 --> 00:42:06.000]  这不一吵就吵出好办法来了吗,
[00:42:06.000 --> 00:42:10.000]  这件事让司利剑和公布去办,
[00:42:10.000 --> 00:42:14.000]  当然还有户部,
[00:42:14.000 --> 00:42:17.000]  多赚的钱都要入在户部的账上,
[00:42:17.000 --> 00:42:21.000]  如何入手,
[00:42:21.000 --> 00:42:23.000]  内阁这就回去,
[00:42:23.000 --> 00:42:25.000]  详细一个方略出来,
[00:42:25.000 --> 00:42:28.000]  然后给胡宗献下棘地,
[00:42:28.000 --> 00:42:34.000]  这件事还是要靠胡宗献去办,
[00:42:34.000 --> 00:42:36.000]  是,是,
[00:42:36.000 --> 00:42:37.000]  李方,
[00:42:37.000 --> 00:42:39.000]  有必在,
[00:42:39.000 --> 00:42:43.000]  周云毅的家里听说有一大堆的孩子,
[00:42:43.000 --> 00:42:45.000]  还有老母亲要安福,
[00:42:45.000 --> 00:42:47.000]  博些银子,
[00:42:47.000 --> 00:42:50.000]  有大内出,
[00:42:50.000 --> 00:42:52.000]  奴婢,
[00:42:52.000 --> 00:42:54.000]  下去就办,
[00:42:54.000 --> 00:43:10.000]  主子,
[00:43:10.000 --> 00:43:12.000]  当心招粮,
[00:43:13.000 --> 00:43:15.000]  真不像你们,
[00:43:15.000 --> 00:43:17.000]  没那么娇嫩,
[00:43:17.000 --> 00:43:19.000]  那么娇嫩,
[00:43:20.000 --> 00:43:22.000]  这就是我们的生命,
[00:43:22.000 --> 00:43:25.000]  我们的生命,
[00:43:25.000 --> 00:43:28.000]  我们的生命,
[00:43:28.000 --> 00:43:31.000]  我们的生命,
[00:43:31.000 --> 00:43:34.000]  我们的生命,
[00:43:34.000 --> 00:43:37.000]  我们的生命,
[00:43:37.000 --> 00:43:40.000]  我们的生命,
[00:43:40.000 --> 00:43:43.000]  我们的生命,
[00:43:43.000 --> 00:43:46.000]  我们的生命,
[00:43:47.000 --> 00:43:49.000]  我们的生命,
[00:43:49.000 --> 00:43:52.000]  我们的生命,
[00:43:52.000 --> 00:43:55.000]  我们的生命,
[00:43:55.000 --> 00:43:58.000]  我们的生命,
[00:43:58.000 --> 00:44:01.000]  我们的生命,
[00:44:01.000 --> 00:44:04.000]  我们的生命,
[00:44:04.000 --> 00:44:07.000]  我们的生命,
[00:44:07.000 --> 00:44:10.000]  我们的生命,
[00:44:10.000 --> 00:44:13.000]  我们的生命,
[00:44:14.000 --> 00:44:16.000]  我们的生命,
[00:44:16.000 --> 00:44:19.000]  我们的生命,
[00:44:19.000 --> 00:44:22.000]  我们的生命,
[00:44:22.000 --> 00:44:25.000]  我们的生命,
[00:44:25.000 --> 00:44:28.000]  我们的生命,
[00:44:28.000 --> 00:44:31.000]  我们的生命,
[00:44:31.000 --> 00:44:34.000]  我们的生命,
[00:44:34.000 --> 00:44:37.000]  我们的生命,
[00:44:37.000 --> 00:44:40.000]  我们的生命,
[00:44:42.000 --> 00:44:44.000]  我们的生命,
[00:44:44.000 --> 00:44:47.000]  我们的生命,
[00:44:47.000 --> 00:44:50.000]  我们的生命,
[00:44:50.000 --> 00:44:53.000]  我们的生命,
[00:44:53.000 --> 00:44:56.000]  我们的生命,
[00:44:56.000 --> 00:44:59.000]  我们的生命,
[00:44:59.000 --> 00:45:02.000]  我们的生命,
[00:45:02.000 --> 00:45:05.000]  我们的生命,
[00:45:05.000 --> 00:45:08.000]  我们的生命,
[00:45:09.000 --> 00:45:11.000]  我们的生命,
[00:45:11.000 --> 00:45:14.000]  我们的生命,
[00:45:14.000 --> 00:45:17.000]  我们的生命,
[00:45:17.000 --> 00:45:20.000]  我们的生命,
[00:45:20.000 --> 00:45:23.000]  我们的生命,
[00:45:23.000 --> 00:45:26.000]  我们的生命,
[00:45:26.000 --> 00:45:29.000]  我们的生命,
[00:45:29.000 --> 00:45:32.000]  我们的生命,
[00:45:32.000 --> 00:45:35.000]  我们的生命,
[00:45:36.000 --> 00:45:38.000]  我们的生命,
[00:45:38.000 --> 00:45:41.000]  我们的生命,
[00:45:41.000 --> 00:45:44.000]  我们的生命,
[00:45:44.000 --> 00:45:47.000]  我们的生命,
[00:45:47.000 --> 00:45:50.000]  我们的生命,
[00:45:50.000 --> 00:45:53.000]  我们的生命,
[00:45:53.000 --> 00:45:56.000]  我们的生命,
[00:45:56.000 --> 00:45:59.000]  我们的生命,
[00:45:59.000 --> 00:46:02.000]  我们的生命,
[00:46:03.000 --> 00:46:05.000]  我们的生命,
[00:46:05.000 --> 00:46:08.000]  我们的生命,
[00:46:08.000 --> 00:46:11.000]  我们的生命,
[00:46:11.000 --> 00:46:14.000]  我们的生命,
[00:46:14.000 --> 00:46:17.000]  我们的生命,
[00:46:17.000 --> 00:46:20.000]  我们的生命,
[00:46:20.000 --> 00:46:23.000]  我们的生命,
[00:46:23.000 --> 00:46:26.000]  我们的生命,
[00:46:26.000 --> 00:46:29.000]  我们的生命,
[00:46:30.000 --> 00:46:32.000]  我们的生命,
[00:46:32.000 --> 00:46:35.000]  我们的生命,
[00:46:35.000 --> 00:46:38.000]  我们的生命,
[00:46:38.000 --> 00:46:41.000]  我们的生命,
[00:46:41.000 --> 00:46:44.000]  我们的生命,
[00:46:44.000 --> 00:46:47.000]  我们的生命,
[00:46:47.000 --> 00:46:50.000]  我们的生命,
[00:46:50.000 --> 00:46:53.000]  我们的生命,
[00:46:53.000 --> 00:46:56.000]  我们的生命,
[00:46:57.000 --> 00:46:59.000]  我们的生命,
[00:46:59.000 --> 00:47:01.000]  詞曲 李宗盛
[00:47:01.000 --> 00:47:03.000]  Zither Harp

